2024-11-12 14:48:18,802 - INFO - Initialized trainer with 24999 training images and 7121 validation images
2024-11-12 14:48:18,803 - INFO - Starting training on cuda
2024-11-12 14:48:18,803 - INFO - 
Epoch 1:
2024-11-12 14:48:18,806 - INFO - Initial GPU memory allocated: 0.80MB
2024-11-12 14:48:18,806 - INFO - Initial GPU memory reserved: 2.00MB
2024-11-12 14:48:26,550 - INFO - Input shapes - LR: torch.Size([8, 1, 256, 256]), HR: torch.Size([8, 1, 1024, 1024])
2024-11-12 14:49:40,494 - INFO - Batch [10/3125] - Loss: 0.5634, Average Loss: 0.6542, Batch Time: 7.334s, GPU Memory: 37.14MB
2024-11-12 14:50:05,989 - INFO - Batch [20/3125] - Loss: 0.4679, Average Loss: 0.5769, Batch Time: 4.905s, GPU Memory: 37.14MB
2024-11-12 14:50:36,029 - INFO - Batch [30/3125] - Loss: 0.3825, Average Loss: 0.5219, Batch Time: 4.233s, GPU Memory: 37.14MB
2024-11-12 14:51:20,578 - INFO - Batch [40/3125] - Loss: 0.3251, Average Loss: 0.4752, Batch Time: 4.266s, GPU Memory: 37.14MB
2024-11-12 14:55:24,651 - INFO - Batch [50/3125] - Loss: 0.2618, Average Loss: 0.4354, Batch Time: 8.281s, GPU Memory: 37.14MB
2024-11-12 15:02:44,687 - INFO - Initialized trainer with 24999 training images and 7121 validation images
2024-11-12 15:02:44,687 - INFO - Starting training on cuda
2024-11-12 15:02:44,687 - INFO - 
Epoch 1:
2024-11-12 15:02:44,694 - INFO - Initial GPU memory allocated: 0.80MB
2024-11-12 15:02:44,695 - INFO - Initial GPU memory reserved: 2.00MB
2024-11-12 15:03:08,558 - INFO - Input shapes - LR: torch.Size([16, 1, 256, 256]), HR: torch.Size([16, 1, 1024, 1024])
2024-11-12 19:59:49,206 - INFO - Initialized trainer with 24999 training images and 7121 validation images
2024-11-12 19:59:49,207 - INFO - Starting training on cuda
2024-11-12 19:59:49,207 - INFO - 
Epoch 1:
2024-11-12 20:09:40,660 - INFO - Configuration loaded successfully
2024-11-12 20:09:40,665 - INFO - CUDA is available. Using GPU: NVIDIA GeForce RTX 3060 Laptop GPU
2024-11-12 20:09:43,645 - ERROR - Error in main: __init__() missing 1 required positional argument: 'hr_dir'
Traceback (most recent call last):
  File "E:\My struggle\PY SRRESNET\train.py", line 355, in main
    trainer = Trainer(config)
  File "E:\My struggle\PY SRRESNET\train.py", line 77, in __init__
    self.train_loader, self.val_loader = create_data_loaders(config)
  File "E:\My struggle\PY SRRESNET\dataset.py", line 88, in create_data_loaders
    train_dataset = XRayDataset(...)  # ▒ú│Í▓╗▒õ
TypeError: __init__() missing 1 required positional argument: 'hr_dir'
2024-11-12 20:11:32,639 - INFO - Configuration loaded successfully
2024-11-12 20:11:32,639 - INFO - CUDA is available. Using GPU: NVIDIA GeForce RTX 3060 Laptop GPU
2024-11-12 20:11:35,863 - INFO - Initialized trainer with 24999 training images and 7121 validation images
2024-11-12 20:11:35,863 - INFO - Trainer initialized successfully
2024-11-12 20:11:35,863 - INFO - Starting training on cuda
2024-11-12 20:11:35,863 - INFO - 
Epoch 1:
2024-11-12 20:11:35,863 - INFO - Batch size: 8
2024-11-12 20:11:35,863 - INFO - Number of batches: 3124
2024-11-12 20:11:38,939 - INFO - Successfully loaded first batch with shape: torch.Size([8, 1, 256, 256])
2024-11-12 20:11:38,940 - INFO - GPU Memory before training: 0.38 MB
2024-11-12 20:12:00,637 - INFO - Batch [20/3124] - Loss: 0.1988, Average Loss: 0.3801, Batch Time: 1.028s
2024-11-12 20:12:09,760 - INFO - Batch [40/3124] - Loss: 0.1137, Average Loss: 0.2595, Batch Time: 0.730s
2024-11-12 20:12:18,832 - INFO - Batch [60/3124] - Loss: 0.0820, Average Loss: 0.2020, Batch Time: 0.630s
2024-11-12 20:12:27,978 - INFO - Batch [80/3124] - Loss: 0.0774, Average Loss: 0.1702, Batch Time: 0.581s
2024-11-12 20:12:37,236 - INFO - Batch [100/3124] - Loss: 0.0718, Average Loss: 0.1489, Batch Time: 0.552s
2024-11-12 20:12:46,404 - INFO - Batch [120/3124] - Loss: 0.0498, Average Loss: 0.1330, Batch Time: 0.532s
2024-11-12 20:12:55,585 - INFO - Batch [140/3124] - Loss: 0.0464, Average Loss: 0.1218, Batch Time: 0.518s
2024-11-12 20:13:04,790 - INFO - Batch [160/3124] - Loss: 0.0554, Average Loss: 0.1132, Batch Time: 0.508s
2024-11-12 20:13:14,060 - INFO - Batch [180/3124] - Loss: 0.0470, Average Loss: 0.1064, Batch Time: 0.501s
2024-11-12 20:13:23,284 - INFO - Batch [200/3124] - Loss: 0.0395, Average Loss: 0.1008, Batch Time: 0.494s
2024-11-12 20:13:32,443 - INFO - Batch [220/3124] - Loss: 0.0521, Average Loss: 0.0960, Batch Time: 0.489s
2024-11-12 20:13:41,668 - INFO - Batch [240/3124] - Loss: 0.0489, Average Loss: 0.0917, Batch Time: 0.484s
2024-11-12 20:13:50,862 - INFO - Batch [260/3124] - Loss: 0.0705, Average Loss: 0.0884, Batch Time: 0.481s
2024-11-12 20:14:00,059 - INFO - Batch [280/3124] - Loss: 0.0574, Average Loss: 0.0854, Batch Time: 0.477s
2024-11-12 20:14:09,277 - INFO - Batch [300/3124] - Loss: 0.0407, Average Loss: 0.0829, Batch Time: 0.475s
2024-11-12 20:14:18,484 - INFO - Batch [320/3124] - Loss: 0.0386, Average Loss: 0.0804, Batch Time: 0.472s
2024-11-12 20:14:27,667 - INFO - Batch [340/3124] - Loss: 0.0461, Average Loss: 0.0783, Batch Time: 0.470s
2024-11-12 20:14:36,888 - INFO - Batch [360/3124] - Loss: 0.0354, Average Loss: 0.0765, Batch Time: 0.468s
2024-11-12 20:14:46,078 - INFO - Batch [380/3124] - Loss: 0.0372, Average Loss: 0.0747, Batch Time: 0.467s
2024-11-12 20:14:55,315 - INFO - Batch [400/3124] - Loss: 0.0414, Average Loss: 0.0730, Batch Time: 0.465s
2024-11-12 20:15:04,496 - INFO - Batch [420/3124] - Loss: 0.0395, Average Loss: 0.0715, Batch Time: 0.464s
2024-11-12 20:15:13,702 - INFO - Batch [440/3124] - Loss: 0.0391, Average Loss: 0.0699, Batch Time: 0.462s
2024-11-12 20:15:22,932 - INFO - Batch [460/3124] - Loss: 0.0365, Average Loss: 0.0685, Batch Time: 0.461s
2024-11-12 20:15:32,123 - INFO - Batch [480/3124] - Loss: 0.0362, Average Loss: 0.0672, Batch Time: 0.460s
2024-11-12 20:15:41,319 - INFO - Batch [500/3124] - Loss: 0.0363, Average Loss: 0.0660, Batch Time: 0.459s
2024-11-12 20:15:50,594 - INFO - Batch [520/3124] - Loss: 0.0378, Average Loss: 0.0648, Batch Time: 0.458s
2024-11-12 20:15:59,757 - INFO - Batch [540/3124] - Loss: 0.0319, Average Loss: 0.0637, Batch Time: 0.457s
2024-11-12 20:16:08,969 - INFO - Batch [560/3124] - Loss: 0.0355, Average Loss: 0.0627, Batch Time: 0.457s
2024-11-12 20:16:18,132 - INFO - Batch [580/3124] - Loss: 0.0451, Average Loss: 0.0617, Batch Time: 0.456s
2024-11-12 20:16:27,283 - INFO - Batch [600/3124] - Loss: 0.0350, Average Loss: 0.0609, Batch Time: 0.455s
2024-11-12 20:16:36,454 - INFO - Batch [620/3124] - Loss: 0.0343, Average Loss: 0.0600, Batch Time: 0.454s
2024-11-12 20:16:45,659 - INFO - Batch [640/3124] - Loss: 0.0496, Average Loss: 0.0592, Batch Time: 0.454s
2024-11-12 20:16:54,915 - INFO - Batch [660/3124] - Loss: 0.0367, Average Loss: 0.0585, Batch Time: 0.453s
2024-11-12 20:17:04,209 - INFO - Batch [680/3124] - Loss: 0.0338, Average Loss: 0.0578, Batch Time: 0.453s
2024-11-12 20:17:13,367 - INFO - Batch [700/3124] - Loss: 0.0326, Average Loss: 0.0571, Batch Time: 0.452s
2024-11-12 20:17:22,510 - INFO - Batch [720/3124] - Loss: 0.0380, Average Loss: 0.0565, Batch Time: 0.452s
2024-11-12 20:17:31,707 - INFO - Batch [740/3124] - Loss: 0.0295, Average Loss: 0.0558, Batch Time: 0.451s
2024-11-12 20:17:40,871 - INFO - Batch [760/3124] - Loss: 0.0354, Average Loss: 0.0552, Batch Time: 0.451s
2024-11-12 20:17:50,089 - INFO - Batch [780/3124] - Loss: 0.0338, Average Loss: 0.0546, Batch Time: 0.451s
2024-11-12 20:17:59,306 - INFO - Batch [800/3124] - Loss: 0.0333, Average Loss: 0.0541, Batch Time: 0.450s
2024-11-12 20:18:08,564 - INFO - Batch [820/3124] - Loss: 0.0280, Average Loss: 0.0535, Batch Time: 0.450s
2024-11-12 20:18:17,764 - INFO - Batch [840/3124] - Loss: 0.0301, Average Loss: 0.0530, Batch Time: 0.449s
2024-11-12 20:18:26,936 - INFO - Batch [860/3124] - Loss: 0.0320, Average Loss: 0.0525, Batch Time: 0.449s
2024-11-12 20:18:36,138 - INFO - Batch [880/3124] - Loss: 0.0400, Average Loss: 0.0521, Batch Time: 0.449s
2024-11-12 20:18:45,336 - INFO - Batch [900/3124] - Loss: 0.0336, Average Loss: 0.0517, Batch Time: 0.449s
2024-11-12 20:18:54,530 - INFO - Batch [920/3124] - Loss: 0.0353, Average Loss: 0.0512, Batch Time: 0.448s
2024-11-12 20:19:03,722 - INFO - Batch [940/3124] - Loss: 0.0361, Average Loss: 0.0508, Batch Time: 0.448s
2024-11-12 20:19:13,015 - INFO - Batch [960/3124] - Loss: 0.0325, Average Loss: 0.0504, Batch Time: 0.448s
2024-11-12 20:19:22,250 - INFO - Batch [980/3124] - Loss: 0.0327, Average Loss: 0.0500, Batch Time: 0.448s
2024-11-12 20:19:31,459 - INFO - Batch [1000/3124] - Loss: 0.0284, Average Loss: 0.0496, Batch Time: 0.447s
2024-11-12 20:19:40,658 - INFO - Batch [1020/3124] - Loss: 0.0386, Average Loss: 0.0493, Batch Time: 0.447s
2024-11-12 20:19:49,898 - INFO - Batch [1040/3124] - Loss: 0.0302, Average Loss: 0.0489, Batch Time: 0.447s
2024-11-12 20:19:59,119 - INFO - Batch [1060/3124] - Loss: 0.0291, Average Loss: 0.0486, Batch Time: 0.447s
2024-11-12 20:20:08,392 - INFO - Batch [1080/3124] - Loss: 0.0304, Average Loss: 0.0483, Batch Time: 0.447s
2024-11-12 20:20:17,594 - INFO - Batch [1100/3124] - Loss: 0.0286, Average Loss: 0.0479, Batch Time: 0.446s
2024-11-12 20:20:26,819 - INFO - Batch [1120/3124] - Loss: 0.0309, Average Loss: 0.0476, Batch Time: 0.446s
2024-11-12 20:20:36,041 - INFO - Batch [1140/3124] - Loss: 0.0286, Average Loss: 0.0473, Batch Time: 0.446s
2024-11-12 20:20:45,264 - INFO - Batch [1160/3124] - Loss: 0.0272, Average Loss: 0.0470, Batch Time: 0.446s
2024-11-12 20:20:54,518 - INFO - Batch [1180/3124] - Loss: 0.0301, Average Loss: 0.0467, Batch Time: 0.446s
2024-11-12 20:21:03,704 - INFO - Batch [1200/3124] - Loss: 0.0281, Average Loss: 0.0465, Batch Time: 0.446s
2024-11-12 20:21:12,946 - INFO - Batch [1220/3124] - Loss: 0.0257, Average Loss: 0.0462, Batch Time: 0.445s
2024-11-12 20:21:22,163 - INFO - Batch [1240/3124] - Loss: 0.0324, Average Loss: 0.0459, Batch Time: 0.445s
2024-11-12 20:21:31,394 - INFO - Batch [1260/3124] - Loss: 0.0314, Average Loss: 0.0457, Batch Time: 0.445s
2024-11-12 20:21:40,590 - INFO - Batch [1280/3124] - Loss: 0.0346, Average Loss: 0.0455, Batch Time: 0.445s
2024-11-12 20:21:49,837 - INFO - Batch [1300/3124] - Loss: 0.0305, Average Loss: 0.0452, Batch Time: 0.445s
2024-11-12 20:21:59,009 - INFO - Batch [1320/3124] - Loss: 0.0297, Average Loss: 0.0450, Batch Time: 0.445s
2024-11-12 20:22:08,252 - INFO - Batch [1340/3124] - Loss: 0.0280, Average Loss: 0.0448, Batch Time: 0.445s
2024-11-12 20:22:17,479 - INFO - Batch [1360/3124] - Loss: 0.0325, Average Loss: 0.0446, Batch Time: 0.444s
2024-11-12 20:22:26,712 - INFO - Batch [1380/3124] - Loss: 0.0279, Average Loss: 0.0444, Batch Time: 0.444s
2024-11-12 20:22:35,971 - INFO - Batch [1400/3124] - Loss: 0.0260, Average Loss: 0.0442, Batch Time: 0.444s
2024-11-12 20:22:45,145 - INFO - Batch [1420/3124] - Loss: 0.0308, Average Loss: 0.0440, Batch Time: 0.444s
2024-11-12 20:22:54,306 - INFO - Batch [1440/3124] - Loss: 0.0317, Average Loss: 0.0438, Batch Time: 0.444s
2024-11-12 20:23:03,524 - INFO - Batch [1460/3124] - Loss: 0.0312, Average Loss: 0.0436, Batch Time: 0.444s
2024-11-12 20:23:12,779 - INFO - Batch [1480/3124] - Loss: 0.0268, Average Loss: 0.0434, Batch Time: 0.444s
2024-11-12 20:23:21,957 - INFO - Batch [1500/3124] - Loss: 0.0299, Average Loss: 0.0432, Batch Time: 0.444s
2024-11-12 20:23:31,194 - INFO - Batch [1520/3124] - Loss: 0.0276, Average Loss: 0.0430, Batch Time: 0.444s
2024-11-12 20:23:40,467 - INFO - Batch [1540/3124] - Loss: 0.0280, Average Loss: 0.0428, Batch Time: 0.443s
2024-11-12 20:23:49,641 - INFO - Batch [1560/3124] - Loss: 0.0289, Average Loss: 0.0426, Batch Time: 0.443s
2024-11-12 20:23:58,837 - INFO - Batch [1580/3124] - Loss: 0.0286, Average Loss: 0.0425, Batch Time: 0.443s
2024-11-12 20:24:08,026 - INFO - Batch [1600/3124] - Loss: 0.0271, Average Loss: 0.0423, Batch Time: 0.443s
2024-11-12 20:24:17,282 - INFO - Batch [1620/3124] - Loss: 0.0264, Average Loss: 0.0422, Batch Time: 0.443s
2024-11-12 20:24:26,502 - INFO - Batch [1640/3124] - Loss: 0.0355, Average Loss: 0.0420, Batch Time: 0.443s
2024-11-12 20:24:35,746 - INFO - Batch [1660/3124] - Loss: 0.0321, Average Loss: 0.0419, Batch Time: 0.443s
2024-11-12 20:24:44,997 - INFO - Batch [1680/3124] - Loss: 0.0285, Average Loss: 0.0417, Batch Time: 0.443s
2024-11-12 20:24:54,183 - INFO - Batch [1700/3124] - Loss: 0.0264, Average Loss: 0.0416, Batch Time: 0.443s
2024-11-12 20:25:03,391 - INFO - Batch [1720/3124] - Loss: 0.0280, Average Loss: 0.0414, Batch Time: 0.443s
2024-11-12 20:25:12,590 - INFO - Batch [1740/3124] - Loss: 0.0260, Average Loss: 0.0413, Batch Time: 0.443s
2024-11-12 20:25:21,817 - INFO - Batch [1760/3124] - Loss: 0.0309, Average Loss: 0.0411, Batch Time: 0.443s
2024-11-12 20:25:31,055 - INFO - Batch [1780/3124] - Loss: 0.0302, Average Loss: 0.0410, Batch Time: 0.442s
2024-11-12 20:25:40,357 - INFO - Batch [1800/3124] - Loss: 0.0309, Average Loss: 0.0408, Batch Time: 0.442s
2024-11-12 20:25:49,666 - INFO - Batch [1820/3124] - Loss: 0.0275, Average Loss: 0.0407, Batch Time: 0.442s
2024-11-12 20:25:58,888 - INFO - Batch [1840/3124] - Loss: 0.0276, Average Loss: 0.0406, Batch Time: 0.442s
2024-11-12 20:26:08,198 - INFO - Batch [1860/3124] - Loss: 0.0405, Average Loss: 0.0405, Batch Time: 0.442s
2024-11-12 20:26:17,384 - INFO - Batch [1880/3124] - Loss: 0.0309, Average Loss: 0.0404, Batch Time: 0.442s
2024-11-12 20:26:26,612 - INFO - Batch [1900/3124] - Loss: 0.0257, Average Loss: 0.0403, Batch Time: 0.442s
2024-11-12 20:26:35,834 - INFO - Batch [1920/3124] - Loss: 0.0305, Average Loss: 0.0402, Batch Time: 0.442s
2024-11-12 20:26:45,130 - INFO - Batch [1940/3124] - Loss: 0.0373, Average Loss: 0.0401, Batch Time: 0.442s
2024-11-12 20:26:54,348 - INFO - Batch [1960/3124] - Loss: 0.0308, Average Loss: 0.0400, Batch Time: 0.442s
2024-11-12 20:27:03,555 - INFO - Batch [1980/3124] - Loss: 0.0288, Average Loss: 0.0399, Batch Time: 0.442s
2024-11-12 20:27:12,773 - INFO - Batch [2000/3124] - Loss: 0.0273, Average Loss: 0.0398, Batch Time: 0.442s
2024-11-12 20:27:21,983 - INFO - Batch [2020/3124] - Loss: 0.0299, Average Loss: 0.0397, Batch Time: 0.442s
2024-11-12 20:27:31,166 - INFO - Batch [2040/3124] - Loss: 0.0271, Average Loss: 0.0396, Batch Time: 0.442s
2024-11-12 20:27:40,401 - INFO - Batch [2060/3124] - Loss: 0.0320, Average Loss: 0.0394, Batch Time: 0.442s
2024-11-12 20:27:49,639 - INFO - Batch [2080/3124] - Loss: 0.0273, Average Loss: 0.0393, Batch Time: 0.442s
2024-11-12 20:27:58,908 - INFO - Batch [2100/3124] - Loss: 0.0275, Average Loss: 0.0392, Batch Time: 0.442s
2024-11-12 20:28:08,195 - INFO - Batch [2120/3124] - Loss: 0.0293, Average Loss: 0.0391, Batch Time: 0.442s
2024-11-12 20:28:17,388 - INFO - Batch [2140/3124] - Loss: 0.0315, Average Loss: 0.0390, Batch Time: 0.442s
2024-11-12 20:28:26,589 - INFO - Batch [2160/3124] - Loss: 0.0273, Average Loss: 0.0389, Batch Time: 0.441s
2024-11-12 20:28:35,767 - INFO - Batch [2180/3124] - Loss: 0.0283, Average Loss: 0.0388, Batch Time: 0.441s
2024-11-12 20:28:45,042 - INFO - Batch [2200/3124] - Loss: 0.0258, Average Loss: 0.0387, Batch Time: 0.441s
2024-11-12 20:28:54,215 - INFO - Batch [2220/3124] - Loss: 0.0337, Average Loss: 0.0386, Batch Time: 0.441s
2024-11-12 20:29:03,459 - INFO - Batch [2240/3124] - Loss: 0.0261, Average Loss: 0.0386, Batch Time: 0.441s
2024-11-12 20:29:12,673 - INFO - Batch [2260/3124] - Loss: 0.0292, Average Loss: 0.0385, Batch Time: 0.441s
2024-11-12 20:29:21,841 - INFO - Batch [2280/3124] - Loss: 0.0351, Average Loss: 0.0384, Batch Time: 0.441s
2024-11-12 20:29:31,078 - INFO - Batch [2300/3124] - Loss: 0.0294, Average Loss: 0.0383, Batch Time: 0.441s
2024-11-12 20:29:40,286 - INFO - Batch [2320/3124] - Loss: 0.0286, Average Loss: 0.0382, Batch Time: 0.441s
2024-11-12 20:29:49,518 - INFO - Batch [2340/3124] - Loss: 0.0235, Average Loss: 0.0381, Batch Time: 0.441s
2024-11-12 20:29:58,740 - INFO - Batch [2360/3124] - Loss: 0.0282, Average Loss: 0.0380, Batch Time: 0.441s
2024-11-12 20:30:07,977 - INFO - Batch [2380/3124] - Loss: 0.0250, Average Loss: 0.0380, Batch Time: 0.441s
2024-11-12 20:30:17,152 - INFO - Batch [2400/3124] - Loss: 0.0263, Average Loss: 0.0379, Batch Time: 0.441s
2024-11-12 20:30:26,429 - INFO - Batch [2420/3124] - Loss: 0.0248, Average Loss: 0.0378, Batch Time: 0.441s
2024-11-12 20:30:35,643 - INFO - Batch [2440/3124] - Loss: 0.0336, Average Loss: 0.0377, Batch Time: 0.441s
2024-11-12 20:30:44,875 - INFO - Batch [2460/3124] - Loss: 0.0284, Average Loss: 0.0377, Batch Time: 0.441s
2024-11-12 20:30:54,117 - INFO - Batch [2480/3124] - Loss: 0.0292, Average Loss: 0.0376, Batch Time: 0.441s
2024-11-12 20:31:03,349 - INFO - Batch [2500/3124] - Loss: 0.0249, Average Loss: 0.0375, Batch Time: 0.441s
2024-11-12 20:31:12,585 - INFO - Batch [2520/3124] - Loss: 0.0259, Average Loss: 0.0374, Batch Time: 0.441s
2024-11-12 20:31:21,815 - INFO - Batch [2540/3124] - Loss: 0.0298, Average Loss: 0.0373, Batch Time: 0.441s
2024-11-12 20:31:31,073 - INFO - Batch [2560/3124] - Loss: 0.0258, Average Loss: 0.0373, Batch Time: 0.441s
2024-11-12 20:31:40,322 - INFO - Batch [2580/3124] - Loss: 0.0240, Average Loss: 0.0372, Batch Time: 0.441s
2024-11-12 20:31:49,509 - INFO - Batch [2600/3124] - Loss: 0.0319, Average Loss: 0.0371, Batch Time: 0.441s
2024-11-12 20:31:58,671 - INFO - Batch [2620/3124] - Loss: 0.0281, Average Loss: 0.0370, Batch Time: 0.441s
2024-11-12 20:32:07,908 - INFO - Batch [2640/3124] - Loss: 0.0239, Average Loss: 0.0370, Batch Time: 0.441s
2024-11-12 20:32:17,130 - INFO - Batch [2660/3124] - Loss: 0.0239, Average Loss: 0.0369, Batch Time: 0.441s
2024-11-12 20:32:26,377 - INFO - Batch [2680/3124] - Loss: 0.0257, Average Loss: 0.0368, Batch Time: 0.441s
2024-11-12 20:32:35,605 - INFO - Batch [2700/3124] - Loss: 0.0246, Average Loss: 0.0368, Batch Time: 0.440s
2024-11-12 20:32:44,859 - INFO - Batch [2720/3124] - Loss: 0.0291, Average Loss: 0.0367, Batch Time: 0.440s
2024-11-12 20:32:54,171 - INFO - Batch [2740/3124] - Loss: 0.0319, Average Loss: 0.0366, Batch Time: 0.440s
2024-11-12 20:33:03,398 - INFO - Batch [2760/3124] - Loss: 0.0321, Average Loss: 0.0366, Batch Time: 0.440s
2024-11-12 20:33:12,678 - INFO - Batch [2780/3124] - Loss: 0.0253, Average Loss: 0.0365, Batch Time: 0.440s
2024-11-12 20:33:21,891 - INFO - Batch [2800/3124] - Loss: 0.0265, Average Loss: 0.0365, Batch Time: 0.440s
2024-11-12 20:33:31,199 - INFO - Batch [2820/3124] - Loss: 0.0227, Average Loss: 0.0364, Batch Time: 0.440s
2024-11-12 20:33:40,423 - INFO - Batch [2840/3124] - Loss: 0.0252, Average Loss: 0.0363, Batch Time: 0.440s
2024-11-12 20:33:49,692 - INFO - Batch [2860/3124] - Loss: 0.0270, Average Loss: 0.0363, Batch Time: 0.440s
2024-11-12 20:33:58,917 - INFO - Batch [2880/3124] - Loss: 0.0244, Average Loss: 0.0362, Batch Time: 0.440s
2024-11-12 20:34:08,140 - INFO - Batch [2900/3124] - Loss: 0.0270, Average Loss: 0.0362, Batch Time: 0.440s
2024-11-12 20:34:17,396 - INFO - Batch [2920/3124] - Loss: 0.0266, Average Loss: 0.0361, Batch Time: 0.440s
2024-11-12 20:34:26,623 - INFO - Batch [2940/3124] - Loss: 0.0287, Average Loss: 0.0360, Batch Time: 0.440s
2024-11-12 20:34:35,919 - INFO - Batch [2960/3124] - Loss: 0.0280, Average Loss: 0.0360, Batch Time: 0.440s
2024-11-12 20:34:45,158 - INFO - Batch [2980/3124] - Loss: 0.0343, Average Loss: 0.0359, Batch Time: 0.440s
2024-11-12 20:34:54,429 - INFO - Batch [3000/3124] - Loss: 0.0301, Average Loss: 0.0359, Batch Time: 0.440s
2024-11-12 20:35:03,660 - INFO - Batch [3020/3124] - Loss: 0.0275, Average Loss: 0.0358, Batch Time: 0.440s
2024-11-12 20:35:12,936 - INFO - Batch [3040/3124] - Loss: 0.0272, Average Loss: 0.0357, Batch Time: 0.440s
2024-11-12 20:35:22,158 - INFO - Batch [3060/3124] - Loss: 0.0306, Average Loss: 0.0357, Batch Time: 0.440s
2024-11-12 20:35:31,371 - INFO - Batch [3080/3124] - Loss: 0.0302, Average Loss: 0.0357, Batch Time: 0.440s
2024-11-12 20:35:40,654 - INFO - Batch [3100/3124] - Loss: 0.0276, Average Loss: 0.0356, Batch Time: 0.440s
2024-11-12 20:35:49,915 - INFO - Batch [3120/3124] - Loss: 0.0254, Average Loss: 0.0355, Batch Time: 0.440s
2024-11-12 20:35:51,755 - INFO - Epoch [1] completed - Average Loss: 0.0355, Time: 1455.89s
2024-11-12 20:38:09,998 - INFO - Validation - Loss: 0.0276, PSNR: 27.80dB
2024-11-12 20:38:10,007 - INFO - Saved new best model with validation loss: 0.0276
2024-11-12 20:38:10,008 - INFO - Learning rate adjusted to: 0.000200
2024-11-12 20:38:10,008 - INFO - Epoch 1 completed in 1594.15s
2024-11-12 20:38:10,008 - INFO - 
Epoch 2:
2024-11-12 20:38:10,008 - INFO - Batch size: 8
2024-11-12 20:38:10,008 - INFO - Number of batches: 3124
2024-11-12 20:38:10,223 - INFO - Successfully loaded first batch with shape: torch.Size([8, 1, 256, 256])
2024-11-12 20:38:10,224 - INFO - GPU Memory before training: 1.46 MB
2024-11-12 20:38:20,160 - INFO - Batch [20/3124] - Loss: 0.0245, Average Loss: 0.0270, Batch Time: 0.440s
2024-11-12 20:38:29,317 - INFO - Batch [40/3124] - Loss: 0.0268, Average Loss: 0.0268, Batch Time: 0.440s
2024-11-12 20:38:38,507 - INFO - Batch [60/3124] - Loss: 0.0295, Average Loss: 0.0271, Batch Time: 0.440s
2024-11-12 20:38:47,732 - INFO - Batch [80/3124] - Loss: 0.0372, Average Loss: 0.0273, Batch Time: 0.440s
2024-11-12 20:38:56,963 - INFO - Batch [100/3124] - Loss: 0.0227, Average Loss: 0.0272, Batch Time: 0.440s
2024-11-12 20:39:06,188 - INFO - Batch [120/3124] - Loss: 0.0273, Average Loss: 0.0272, Batch Time: 0.440s
2024-11-12 20:39:15,409 - INFO - Batch [140/3124] - Loss: 0.0236, Average Loss: 0.0271, Batch Time: 0.440s
2024-11-12 20:39:24,608 - INFO - Batch [160/3124] - Loss: 0.0241, Average Loss: 0.0270, Batch Time: 0.440s
2024-11-12 20:39:33,785 - INFO - Batch [180/3124] - Loss: 0.0242, Average Loss: 0.0270, Batch Time: 0.440s
2024-11-12 20:39:43,011 - INFO - Batch [200/3124] - Loss: 0.0316, Average Loss: 0.0271, Batch Time: 0.440s
2024-11-12 20:39:52,194 - INFO - Batch [220/3124] - Loss: 0.0286, Average Loss: 0.0274, Batch Time: 0.440s
2024-11-12 20:40:01,443 - INFO - Batch [240/3124] - Loss: 0.0276, Average Loss: 0.0274, Batch Time: 0.440s
2024-11-12 20:40:10,687 - INFO - Batch [260/3124] - Loss: 0.0288, Average Loss: 0.0274, Batch Time: 0.440s
2024-11-12 20:40:19,865 - INFO - Batch [280/3124] - Loss: 0.0264, Average Loss: 0.0274, Batch Time: 0.440s
2024-11-12 20:40:29,132 - INFO - Batch [300/3124] - Loss: 0.0259, Average Loss: 0.0274, Batch Time: 0.440s
2024-11-12 20:40:38,356 - INFO - Batch [320/3124] - Loss: 0.0255, Average Loss: 0.0274, Batch Time: 0.440s
2024-11-12 20:40:47,555 - INFO - Batch [340/3124] - Loss: 0.0279, Average Loss: 0.0274, Batch Time: 0.440s
2024-11-12 20:40:56,764 - INFO - Batch [360/3124] - Loss: 0.0266, Average Loss: 0.0274, Batch Time: 0.440s
2024-11-12 20:41:06,006 - INFO - Batch [380/3124] - Loss: 0.0298, Average Loss: 0.0274, Batch Time: 0.440s
2024-11-12 20:41:15,259 - INFO - Batch [400/3124] - Loss: 0.0282, Average Loss: 0.0273, Batch Time: 0.440s
2024-11-12 20:41:24,456 - INFO - Batch [420/3124] - Loss: 0.0275, Average Loss: 0.0273, Batch Time: 0.440s
2024-11-12 20:41:33,693 - INFO - Batch [440/3124] - Loss: 0.0248, Average Loss: 0.0273, Batch Time: 0.440s
2024-11-12 20:41:42,975 - INFO - Batch [460/3124] - Loss: 0.0251, Average Loss: 0.0273, Batch Time: 0.440s
2024-11-12 20:41:52,176 - INFO - Batch [480/3124] - Loss: 0.0240, Average Loss: 0.0273, Batch Time: 0.440s
2024-11-12 20:42:01,353 - INFO - Batch [500/3124] - Loss: 0.0267, Average Loss: 0.0273, Batch Time: 0.440s
2024-11-12 20:42:10,562 - INFO - Batch [520/3124] - Loss: 0.0281, Average Loss: 0.0273, Batch Time: 0.440s
2024-11-12 20:42:19,842 - INFO - Batch [540/3124] - Loss: 0.0249, Average Loss: 0.0273, Batch Time: 0.440s
2024-11-12 20:42:29,083 - INFO - Batch [560/3124] - Loss: 0.0267, Average Loss: 0.0272, Batch Time: 0.440s
2024-11-12 20:42:38,291 - INFO - Batch [580/3124] - Loss: 0.0251, Average Loss: 0.0272, Batch Time: 0.440s
2024-11-12 20:42:47,561 - INFO - Batch [600/3124] - Loss: 0.0267, Average Loss: 0.0272, Batch Time: 0.440s
2024-11-12 20:42:56,743 - INFO - Batch [620/3124] - Loss: 0.0298, Average Loss: 0.0272, Batch Time: 0.440s
2024-11-12 20:43:05,916 - INFO - Batch [640/3124] - Loss: 0.0253, Average Loss: 0.0272, Batch Time: 0.440s
2024-11-12 20:43:14,749 - INFO - 
Training interrupted by user
2024-11-12 20:43:14,767 - INFO - Saved checkpoint at checkpoints\checkpoint_epoch_2.pth
2024-11-12 20:43:14,768 - INFO - 
Training completed in 0.53 hours
2024-11-12 20:43:14,768 - INFO - Best validation loss: 0.0276 at epoch 1
2024-11-12 21:08:01,935 - INFO - Configuration loaded successfully
2024-11-12 21:08:01,936 - INFO - CUDA is available. Using GPU: NVIDIA GeForce RTX 3060 Laptop GPU
2024-11-12 21:08:05,349 - INFO - Initialized trainer with 24999 training images and 7121 validation images
2024-11-12 21:08:05,350 - INFO - Trainer initialized successfully
2024-11-12 21:08:05,350 - INFO - Starting training on cuda
2024-11-12 21:08:19,831 - ERROR - Error in batch 0: Input type (torch.cuda.HalfTensor) and weight type (torch.cuda.FloatTensor) should be the same
2024-11-12 21:08:19,831 - ERROR - Error occurred during training: Input type (torch.cuda.HalfTensor) and weight type (torch.cuda.FloatTensor) should be the same
2024-11-12 21:08:19,831 - INFO - 
Starting final test...
2024-11-12 21:08:19,831 - ERROR - Error in main: module 'matplotlib.transforms' has no attribute 'Compose'
Traceback (most recent call last):
  File "E:\My struggle\PY SRRESNET\train.py", line 371, in train
    raise e
  File "E:\My struggle\PY SRRESNET\train.py", line 347, in train
    train_loss = self.train_epoch(epoch)
  File "E:\My struggle\PY SRRESNET\train.py", line 180, in train_epoch
    raise e
  File "E:\My struggle\PY SRRESNET\train.py", line 150, in train_epoch
    ssim = self.ssim_module(sr_imgs, hr_imgs)
  File "E:\Anaconda\envs\tf-gpu\lib\site-packages\torch\nn\modules\module.py", line 1110, in _call_impl
    return forward_call(*input, **kwargs)
  File "E:\My struggle\PY SRRESNET\model.py", line 136, in forward
    return self._ssim(img1, img2)
  File "E:\My struggle\PY SRRESNET\model.py", line 148, in _ssim
    mu1 = F.conv2d(img1, self.window, padding=self.window_size // 2)
RuntimeError: Input type (torch.cuda.HalfTensor) and weight type (torch.cuda.FloatTensor) should be the same

During handling of the above exception, another exception occurred:

Traceback (most recent call last):
  File "E:\My struggle\PY SRRESNET\train.py", line 429, in main
    trainer.train()
  File "E:\My struggle\PY SRRESNET\train.py", line 376, in train
    test_loss, test_psnr, test_ssim = self.test()
  File "E:\My struggle\PY SRRESNET\train.py", line 280, in test
    transform=transforms.Compose([transforms.ToTensor()]),
AttributeError: module 'matplotlib.transforms' has no attribute 'Compose'
2024-11-12 21:21:32,288 - INFO - Configuration loaded successfully
2024-11-12 21:21:32,289 - INFO - CUDA is available. Using GPU: NVIDIA GeForce RTX 3060 Laptop GPU
2024-11-12 21:21:34,632 - INFO - Initialized trainer with 24999 training images and 7121 validation images
2024-11-12 21:21:34,632 - INFO - Trainer initialized successfully
2024-11-12 21:21:34,632 - INFO - Starting training on cuda
2024-11-12 21:45:49,286 - INFO - Configuration loaded successfully
2024-11-12 21:45:49,286 - INFO - CUDA is available. Using GPU: NVIDIA GeForce RTX 3060 Laptop GPU
2024-11-12 21:45:49,324 - ERROR - Error in main: 'module' object is not subscriptable
Traceback (most recent call last):
  File "E:\My struggle\PY SRRESNET\train.py", line 489, in main
    trainer = Trainer(config)
  File "E:\My struggle\PY SRRESNET\train.py", line 59, in __init__
    self.model = XRaySR(
  File "E:\My struggle\PY SRRESNET\model.py", line 74, in __init__
    num_channels=config['model']['num_channels'],
TypeError: 'module' object is not subscriptable
2024-11-12 21:51:28,040 - INFO - Configuration loaded successfully
2024-11-12 21:51:28,040 - INFO - CUDA is available. Using GPU: NVIDIA GeForce RTX 3060 Laptop GPU
2024-11-12 21:51:28,087 - ERROR - Error in main: 'module' object is not subscriptable
Traceback (most recent call last):
  File "E:\My struggle\PY SRRESNET\train.py", line 501, in main
    trainer = Trainer(config)
  File "E:\My struggle\PY SRRESNET\train.py", line 63, in __init__
    self.model = XRaySR(
  File "E:\My struggle\PY SRRESNET\model.py", line 74, in __init__
    num_channels=config['model']['num_channels'],
TypeError: 'module' object is not subscriptable
2024-11-12 21:58:38,038 - INFO - Configuration loaded successfully
2024-11-12 21:58:38,038 - INFO - CUDA is available. Using GPU: NVIDIA GeForce RTX 3060 Laptop GPU
2024-11-12 21:58:38,070 - ERROR - Error in main: 'module' object is not subscriptable
Traceback (most recent call last):
  File "E:\My struggle\PY SRRESNET\train.py", line 502, in main
    trainer = Trainer(config)
  File "E:\My struggle\PY SRRESNET\train.py", line 64, in __init__
    self.model = XRaySR(
  File "E:\My struggle\PY SRRESNET\model.py", line 74, in __init__
    num_channels=config['model']['num_channels'],
TypeError: 'module' object is not subscriptable
2024-11-12 22:01:00,339 - INFO - Configuration loaded successfully
2024-11-12 22:01:00,340 - INFO - CUDA is available. Using GPU: NVIDIA GeForce RTX 3060 Laptop GPU
2024-11-12 22:01:00,340 - INFO - Initializing Trainer...
2024-11-12 22:01:00,374 - INFO - Creating model with config: {'num_channels': 24, 'num_blocks': 4, 'debug_mode': False}
2024-11-12 22:01:00,378 - ERROR - Error creating model: 'module' object is not subscriptable
2024-11-12 22:01:00,378 - ERROR - Error in main: 'module' object is not subscriptable
Traceback (most recent call last):
  File "E:\My struggle\PY SRRESNET\train.py", line 512, in main
    trainer = Trainer(config)
  File "E:\My struggle\PY SRRESNET\train.py", line 69, in __init__
    self.model = XRaySR(
  File "E:\My struggle\PY SRRESNET\model.py", line 74, in __init__
    num_channels=config['model']['num_channels'],
TypeError: 'module' object is not subscriptable
2024-11-12 22:03:39,285 - INFO - Configuration loaded successfully
2024-11-12 22:03:39,286 - INFO - CUDA is available. Using GPU: NVIDIA GeForce RTX 3060 Laptop GPU
2024-11-12 22:03:39,286 - INFO - Initializing Trainer...
2024-11-12 22:03:39,317 - INFO - Creating model with config: {'num_channels': 24, 'num_blocks': 4, 'debug_mode': False}
2024-11-12 22:03:40,527 - INFO - Model created successfully
2024-11-12 22:04:00,290 - INFO - Initialized trainer with 24999 training images and 7121 validation images
2024-11-12 22:04:00,290 - INFO - Trainer initialized successfully
2024-11-12 22:04:00,290 - INFO - Starting training on cuda
2024-11-12 22:04:00,290 - INFO - GPU Memory before training:
2024-11-12 22:04:00,290 - INFO - Allocated: 0.38MB
2024-11-12 22:04:00,290 - INFO - Cached: 2.00MB
2024-11-12 22:14:17,230 - INFO - Configuration loaded successfully
2024-11-12 22:14:17,233 - INFO - CUDA is available. Using GPU: NVIDIA GeForce RTX 3060 Laptop GPU
2024-11-12 22:14:17,233 - INFO - Initializing Trainer...
2024-11-12 22:14:17,265 - INFO - Creating model with config: {'num_channels': 24, 'num_blocks': 4, 'debug_mode': False}
2024-11-12 22:14:20,189 - INFO - Configuration loaded successfully
2024-11-12 22:14:20,190 - INFO - CUDA is available. Using GPU: NVIDIA GeForce RTX 3060 Laptop GPU
2024-11-12 22:14:20,190 - INFO - Initializing Trainer...
2024-11-12 22:14:20,224 - INFO - Creating model with config: {'num_channels': 24, 'num_blocks': 4, 'debug_mode': False}
2024-11-12 22:14:22,887 - INFO - Model created successfully
2024-11-12 22:14:25,369 - INFO - Initialized trainer with 24999 training images and 7121 validation images
2024-11-12 22:14:25,369 - INFO - Trainer initialized successfully
2024-11-12 22:14:25,369 - INFO - Starting training on cuda
2024-11-12 22:14:25,369 - INFO - GPU Memory before training:
2024-11-12 22:14:25,369 - INFO - Allocated: 0.38MB
2024-11-12 22:14:25,371 - INFO - Cached: 2.00MB
2024-11-12 22:14:45,563 - INFO - First batch processing time: 16.07s
2024-11-12 22:33:33,302 - INFO - Configuration loaded successfully
2024-11-12 22:33:33,303 - INFO - CUDA is available. Using GPU: NVIDIA GeForce RTX 3060 Laptop GPU
2024-11-12 22:33:33,303 - INFO - Initializing Trainer...
2024-11-12 22:33:33,352 - INFO - Creating model with config: {'num_channels': 16, 'num_blocks': 3, 'debug_mode': False}
2024-11-12 22:33:34,737 - INFO - Model created successfully
2024-11-12 22:33:34,739 - ERROR - Error in main: 'min_lr'
Traceback (most recent call last):
  File "E:\My struggle\PY SRRESNET\train.py", line 512, in main
    trainer = Trainer(config)
  File "E:\My struggle\PY SRRESNET\train.py", line 98, in __init__
    eta_min=config['train']['min_lr']
KeyError: 'min_lr'
2024-11-12 22:34:29,567 - INFO - Configuration loaded successfully
2024-11-12 22:34:29,567 - INFO - CUDA is available. Using GPU: NVIDIA GeForce RTX 3060 Laptop GPU
2024-11-12 22:34:29,567 - INFO - Initializing Trainer...
2024-11-12 22:34:29,599 - INFO - Creating model with config: {'num_channels': 16, 'num_blocks': 3, 'debug_mode': False}
2024-11-12 22:34:30,838 - INFO - Model created successfully
2024-11-12 22:34:31,208 - INFO - Initialized trainer with 24999 training images and 7121 validation images
2024-11-12 22:34:31,209 - INFO - Trainer initialized successfully
2024-11-12 22:34:31,209 - INFO - Starting training on cuda
2024-11-12 22:34:31,209 - INFO - GPU Memory before training:
2024-11-12 22:34:31,209 - INFO - Allocated: 0.16MB
2024-11-12 22:34:31,209 - INFO - Cached: 2.00MB
2024-11-12 22:34:32,673 - ERROR - Error in batch processing: cannot pickle '_thread.lock' object
2024-11-12 22:34:32,673 - INFO - Epoch [1] completed - Average Loss: 0.0000, PSNR: 0.00dB, SSIM: 0.0000, Time: 1.46s
2024-11-12 22:34:32,674 - INFO - Final GPU Memory Usage:
2024-11-12 22:34:32,674 - INFO - Allocated: 0.16MB
2024-11-12 22:34:32,674 - INFO - Cached: 2.00MB
2024-11-12 22:34:34,179 - ERROR - Error occurred during training: cannot pickle '_thread.lock' object
2024-11-12 22:34:34,181 - INFO - 
Starting final test...
2024-11-12 22:34:36,251 - ERROR - Error in test: cannot pickle '_thread.lock' object
2024-11-12 22:34:36,251 - ERROR - Error in main: cannot pickle '_thread.lock' object
Traceback (most recent call last):
  File "E:\My struggle\PY SRRESNET\train.py", line 454, in train
    raise e
  File "E:\My struggle\PY SRRESNET\train.py", line 433, in train
    val_loss, val_psnr, val_ssim = self.validate(epoch)
  File "E:\My struggle\PY SRRESNET\train.py", line 289, in validate
    for lr_imgs, hr_imgs in self.val_loader:
  File "E:\Anaconda\envs\tf-gpu\lib\site-packages\torch\utils\data\dataloader.py", line 363, in __iter__
    self._iterator = self._get_iterator()
  File "E:\Anaconda\envs\tf-gpu\lib\site-packages\torch\utils\data\dataloader.py", line 314, in _get_iterator
    return _MultiProcessingDataLoaderIter(self)
  File "E:\Anaconda\envs\tf-gpu\lib\site-packages\torch\utils\data\dataloader.py", line 927, in __init__
    w.start()
  File "E:\Anaconda\envs\tf-gpu\lib\multiprocessing\process.py", line 121, in start
    self._popen = self._Popen(self)
  File "E:\Anaconda\envs\tf-gpu\lib\multiprocessing\context.py", line 224, in _Popen
    return _default_context.get_context().Process._Popen(process_obj)
  File "E:\Anaconda\envs\tf-gpu\lib\multiprocessing\context.py", line 327, in _Popen
    return Popen(process_obj)
  File "E:\Anaconda\envs\tf-gpu\lib\multiprocessing\popen_spawn_win32.py", line 93, in __init__
    reduction.dump(process_obj, to_child)
  File "E:\Anaconda\envs\tf-gpu\lib\multiprocessing\reduction.py", line 60, in dump
    ForkingPickler(file, protocol).dump(obj)
TypeError: cannot pickle '_thread.lock' object

During handling of the above exception, another exception occurred:

Traceback (most recent call last):
  File "E:\My struggle\PY SRRESNET\train.py", line 516, in main
    trainer.train()
  File "E:\My struggle\PY SRRESNET\train.py", line 459, in train
    test_loss, test_psnr, test_ssim = self.test()
  File "E:\My struggle\PY SRRESNET\train.py", line 379, in test
    for lr_imgs, hr_imgs in pbar:
  File "E:\Anaconda\envs\tf-gpu\lib\site-packages\tqdm\std.py", line 1181, in __iter__
    for obj in iterable:
  File "E:\Anaconda\envs\tf-gpu\lib\site-packages\torch\utils\data\dataloader.py", line 363, in __iter__
    self._iterator = self._get_iterator()
  File "E:\Anaconda\envs\tf-gpu\lib\site-packages\torch\utils\data\dataloader.py", line 314, in _get_iterator
    return _MultiProcessingDataLoaderIter(self)
  File "E:\Anaconda\envs\tf-gpu\lib\site-packages\torch\utils\data\dataloader.py", line 927, in __init__
    w.start()
  File "E:\Anaconda\envs\tf-gpu\lib\multiprocessing\process.py", line 121, in start
    self._popen = self._Popen(self)
  File "E:\Anaconda\envs\tf-gpu\lib\multiprocessing\context.py", line 224, in _Popen
    return _default_context.get_context().Process._Popen(process_obj)
  File "E:\Anaconda\envs\tf-gpu\lib\multiprocessing\context.py", line 327, in _Popen
    return Popen(process_obj)
  File "E:\Anaconda\envs\tf-gpu\lib\multiprocessing\popen_spawn_win32.py", line 93, in __init__
    reduction.dump(process_obj, to_child)
  File "E:\Anaconda\envs\tf-gpu\lib\multiprocessing\reduction.py", line 60, in dump
    ForkingPickler(file, protocol).dump(obj)
TypeError: cannot pickle '_thread.lock' object
2024-11-12 22:37:15,912 - INFO - Configuration loaded successfully
2024-11-12 22:37:15,912 - INFO - CUDA is available. Using GPU: NVIDIA GeForce RTX 3060 Laptop GPU
2024-11-12 22:37:15,912 - INFO - Initializing Trainer...
2024-11-12 22:37:15,939 - INFO - Creating model with config: {'num_channels': 16, 'num_blocks': 3, 'debug_mode': False}
2024-11-12 22:37:17,048 - INFO - Model created successfully
2024-11-12 22:37:17,428 - INFO - Initialized trainer with 24999 training images and 7121 validation images
2024-11-12 22:37:17,428 - INFO - Trainer initialized successfully
2024-11-12 22:37:17,428 - INFO - Starting training on cuda
2024-11-12 22:37:17,428 - INFO - GPU Memory before training:
2024-11-12 22:37:17,428 - INFO - Allocated: 0.16MB
2024-11-12 22:37:17,429 - INFO - Cached: 2.00MB
2024-11-12 22:37:39,306 - INFO - First batch processing time: 14.01s
2024-11-12 22:58:41,967 - INFO - Epoch [1] completed - Average Loss: 0.0308, PSNR: 24.27dB, SSIM: 0.6386, Time: 1284.54s
2024-11-12 22:58:41,967 - INFO - Final GPU Memory Usage:
2024-11-12 22:58:41,968 - INFO - Allocated: 100.61MB
2024-11-12 22:58:41,968 - INFO - Cached: 3816.00MB
2024-11-12 23:54:19,268 - INFO - 
[36m=== Configuration ===[0m
2024-11-12 23:54:19,268 - INFO - Config type: <class 'dict'>
2024-11-12 23:54:19,268 - INFO - Config contents:
2024-11-12 23:54:19,268 - INFO - 
[33m[MODEL][0m
2024-11-12 23:54:19,268 - INFO - num_channels: 16
2024-11-12 23:54:19,268 - INFO - num_blocks: 3
2024-11-12 23:54:19,269 - INFO - debug_mode: False
2024-11-12 23:54:19,269 - INFO - 
[33m[TRAIN][0m
2024-11-12 23:54:19,269 - INFO - batch_size: 16
2024-11-12 23:54:19,269 - INFO - num_epochs: 100
2024-11-12 23:54:19,269 - INFO - learning_rate: 0.0005
2024-11-12 23:54:19,269 - INFO - min_lr: 1e-06
2024-11-12 23:54:19,269 - INFO - weight_decay: 0.0001
2024-11-12 23:54:19,269 - INFO - warmup_epochs: 3
2024-11-12 23:54:19,269 - INFO - grad_accum_steps: 2
2024-11-12 23:54:19,269 - INFO - 
[33m[DATA][0m
2024-11-12 23:54:19,269 - INFO - num_workers: 4
2024-11-12 23:54:19,269 - INFO - prefetch_factor: 4
2024-11-12 23:54:19,269 - INFO - pin_memory: True
2024-11-12 23:54:19,269 - INFO - persistent_workers: True
2024-11-12 23:54:19,269 - INFO - cache_size: 50
2024-11-12 23:54:19,269 - INFO - 
[33m[LOGGING][0m
2024-11-12 23:54:19,269 - INFO - print_freq: 20
2024-11-12 23:54:19,269 - INFO - save_freq: 5
2024-11-12 23:54:19,269 - INFO - checkpoint_dir: checkpoints
2024-11-12 23:54:19,269 - INFO - log_dir: logs
2024-11-12 23:54:19,269 - INFO - 
[33m[PATHS][0m
2024-11-12 23:54:19,269 - INFO - train_lr_dir: processed/train/lr
2024-11-12 23:54:19,269 - INFO - train_hr_dir: processed/train/hr
2024-11-12 23:54:19,269 - INFO - val_lr_dir: processed/val/lr
2024-11-12 23:54:19,271 - INFO - val_hr_dir: processed/val/hr
2024-11-12 23:54:19,271 - INFO - test_lr_dir: processed/test/lr
2024-11-12 23:54:19,271 - INFO - test_hr_dir: processed/test/hr
2024-11-12 23:54:19,272 - INFO - 
[32mCUDA is available. Using GPU: NVIDIA GeForce RTX 3060 Laptop GPU[0m
2024-11-12 23:54:19,272 - INFO - [36mInitializing Trainer...[0m
2024-11-12 23:54:19,303 - INFO - Creating model with config: {'num_channels': 16, 'num_blocks': 3, 'debug_mode': False}
2024-11-12 23:54:21,266 - INFO - [32mModel created successfully[0m
2024-11-12 23:54:21,933 - INFO - 
=== System Information ===
2024-11-12 23:54:22,019 - INFO - ¿V¿T¿T¿T¿T¿T¿T¿T¿T¿T¿T¿T¿T¿T¿T¿T¿T¿T¿h¿T¿T¿T¿T¿T¿T¿T¿T¿T¿T¿T¿T¿T¿T¿T¿T¿T¿Y
®ª Metric          ®ª Value           ®ª
¿b¿T¿T¿T¿T¿T¿T¿T¿T¿T¿T¿T¿T¿T¿T¿T¿T¿T¿n¿T¿T¿T¿T¿T¿T¿T¿T¿T¿T¿T¿T¿T¿T¿T¿T¿T¿e
®ª GPU Memory      ®ª 1240MB / 6144MB ®ª
®└®ñ®ñ®ñ®ñ®ñ®ñ®ñ®ñ®ñ®ñ®ñ®ñ®ñ®ñ®ñ®ñ®ñ®Ó®ñ®ñ®ñ®ñ®ñ®ñ®ñ®ñ®ñ®ñ®ñ®ñ®ñ®ñ®ñ®ñ®ñ®╚
®ª GPU Utilization ®ª 13.0%           ®ª
®└®ñ®ñ®ñ®ñ®ñ®ñ®ñ®ñ®ñ®ñ®ñ®ñ®ñ®ñ®ñ®ñ®ñ®Ó®ñ®ñ®ñ®ñ®ñ®ñ®ñ®ñ®ñ®ñ®ñ®ñ®ñ®ñ®ñ®ñ®ñ®╚
®ª GPU Temperature ®ª 62.0íÒC          ®ª
®└®ñ®ñ®ñ®ñ®ñ®ñ®ñ®ñ®ñ®ñ®ñ®ñ®ñ®ñ®ñ®ñ®ñ®Ó®ñ®ñ®ñ®ñ®ñ®ñ®ñ®ñ®ñ®ñ®ñ®ñ®ñ®ñ®ñ®ñ®ñ®╚
®ª CPU Usage       ®ª 6.0%            ®ª
®└®ñ®ñ®ñ®ñ®ñ®ñ®ñ®ñ®ñ®ñ®ñ®ñ®ñ®ñ®ñ®ñ®ñ®Ó®ñ®ñ®ñ®ñ®ñ®ñ®ñ®ñ®ñ®ñ®ñ®ñ®ñ®ñ®ñ®ñ®ñ®╚
®ª System Memory   ®ª 72.9%           ®ª
®└®ñ®ñ®ñ®ñ®ñ®ñ®ñ®ñ®ñ®ñ®ñ®ñ®ñ®ñ®ñ®ñ®ñ®Ó®ñ®ñ®ñ®ñ®ñ®ñ®ñ®ñ®ñ®ñ®ñ®ñ®ñ®ñ®ñ®ñ®ñ®╚
®ª Available RAM   ®ª 4.3GB           ®ª
¿\¿T¿T¿T¿T¿T¿T¿T¿T¿T¿T¿T¿T¿T¿T¿T¿T¿T¿k¿T¿T¿T¿T¿T¿T¿T¿T¿T¿T¿T¿T¿T¿T¿T¿T¿T¿_
2024-11-12 23:54:22,021 - INFO - Initialized trainer with 24999 training images and 7121 validation images
2024-11-12 23:54:22,021 - INFO - [32mTrainer initialized successfully[0m
2024-11-12 23:54:22,021 - ERROR - [31mError in main: 'Trainer' object has no attribute 'train'[0m
Traceback (most recent call last):
  File "E:\My struggle\PY SRRESNET\train.py", line 643, in main
    trainer.train()
AttributeError: 'Trainer' object has no attribute 'train'
2024-11-12 23:55:25,467 - INFO - 
[36m=== Configuration ===[0m
2024-11-12 23:55:25,467 - INFO - Config type: <class 'dict'>
2024-11-12 23:55:25,467 - INFO - Config contents:
2024-11-12 23:55:25,467 - INFO - 
[33m[MODEL][0m
2024-11-12 23:55:25,467 - INFO - num_channels: 16
2024-11-12 23:55:25,467 - INFO - num_blocks: 3
2024-11-12 23:55:25,467 - INFO - debug_mode: False
2024-11-12 23:55:25,467 - INFO - 
[33m[TRAIN][0m
2024-11-12 23:55:25,467 - INFO - batch_size: 16
2024-11-12 23:55:25,467 - INFO - num_epochs: 100
2024-11-12 23:55:25,467 - INFO - learning_rate: 0.0005
2024-11-12 23:55:25,468 - INFO - min_lr: 1e-06
2024-11-12 23:55:25,468 - INFO - weight_decay: 0.0001
2024-11-12 23:55:25,468 - INFO - warmup_epochs: 3
2024-11-12 23:55:25,468 - INFO - grad_accum_steps: 2
2024-11-12 23:55:25,468 - INFO - 
[33m[DATA][0m
2024-11-12 23:55:25,468 - INFO - num_workers: 4
2024-11-12 23:55:25,468 - INFO - prefetch_factor: 4
2024-11-12 23:55:25,468 - INFO - pin_memory: True
2024-11-12 23:55:25,468 - INFO - persistent_workers: True
2024-11-12 23:55:25,468 - INFO - cache_size: 50
2024-11-12 23:55:25,468 - INFO - 
[33m[LOGGING][0m
2024-11-12 23:55:25,468 - INFO - print_freq: 20
2024-11-12 23:55:25,468 - INFO - save_freq: 5
2024-11-12 23:55:25,468 - INFO - checkpoint_dir: checkpoints
2024-11-12 23:55:25,468 - INFO - log_dir: logs
2024-11-12 23:55:25,468 - INFO - 
[33m[PATHS][0m
2024-11-12 23:55:25,468 - INFO - train_lr_dir: processed/train/lr
2024-11-12 23:55:25,468 - INFO - train_hr_dir: processed/train/hr
2024-11-12 23:55:25,468 - INFO - val_lr_dir: processed/val/lr
2024-11-12 23:55:25,468 - INFO - val_hr_dir: processed/val/hr
2024-11-12 23:55:25,468 - INFO - test_lr_dir: processed/test/lr
2024-11-12 23:55:25,468 - INFO - test_hr_dir: processed/test/hr
2024-11-12 23:55:25,469 - INFO - 
[32mCUDA is available. Using GPU: NVIDIA GeForce RTX 3060 Laptop GPU[0m
2024-11-12 23:55:25,469 - INFO - [36mInitializing Trainer...[0m
2024-11-12 23:55:25,494 - INFO - Creating model with config: {'num_channels': 16, 'num_blocks': 3, 'debug_mode': False}
2024-11-12 23:55:26,728 - INFO - [32mModel created successfully[0m
2024-11-12 23:55:27,107 - INFO - 
=== System Information ===
2024-11-12 23:55:27,147 - INFO - ¿V¿T¿T¿T¿T¿T¿T¿T¿T¿T¿T¿T¿T¿T¿T¿T¿T¿T¿h¿T¿T¿T¿T¿T¿T¿T¿T¿T¿T¿T¿T¿T¿T¿T¿T¿T¿Y
®ª Metric          ®ª Value           ®ª
¿b¿T¿T¿T¿T¿T¿T¿T¿T¿T¿T¿T¿T¿T¿T¿T¿T¿T¿n¿T¿T¿T¿T¿T¿T¿T¿T¿T¿T¿T¿T¿T¿T¿T¿T¿T¿e
®ª GPU Memory      ®ª 1214MB / 6144MB ®ª
®└®ñ®ñ®ñ®ñ®ñ®ñ®ñ®ñ®ñ®ñ®ñ®ñ®ñ®ñ®ñ®ñ®ñ®Ó®ñ®ñ®ñ®ñ®ñ®ñ®ñ®ñ®ñ®ñ®ñ®ñ®ñ®ñ®ñ®ñ®ñ®╚
®ª GPU Utilization ®ª 12.0%           ®ª
®└®ñ®ñ®ñ®ñ®ñ®ñ®ñ®ñ®ñ®ñ®ñ®ñ®ñ®ñ®ñ®ñ®ñ®Ó®ñ®ñ®ñ®ñ®ñ®ñ®ñ®ñ®ñ®ñ®ñ®ñ®ñ®ñ®ñ®ñ®ñ®╚
®ª GPU Temperature ®ª 62.0íÒC          ®ª
®└®ñ®ñ®ñ®ñ®ñ®ñ®ñ®ñ®ñ®ñ®ñ®ñ®ñ®ñ®ñ®ñ®ñ®Ó®ñ®ñ®ñ®ñ®ñ®ñ®ñ®ñ®ñ®ñ®ñ®ñ®ñ®ñ®ñ®ñ®ñ®╚
®ª CPU Usage       ®ª 2.7%            ®ª
®└®ñ®ñ®ñ®ñ®ñ®ñ®ñ®ñ®ñ®ñ®ñ®ñ®ñ®ñ®ñ®ñ®ñ®Ó®ñ®ñ®ñ®ñ®ñ®ñ®ñ®ñ®ñ®ñ®ñ®ñ®ñ®ñ®ñ®ñ®ñ®╚
®ª System Memory   ®ª 71.2%           ®ª
®└®ñ®ñ®ñ®ñ®ñ®ñ®ñ®ñ®ñ®ñ®ñ®ñ®ñ®ñ®ñ®ñ®ñ®Ó®ñ®ñ®ñ®ñ®ñ®ñ®ñ®ñ®ñ®ñ®ñ®ñ®ñ®ñ®ñ®ñ®ñ®╚
®ª Available RAM   ®ª 4.5GB           ®ª
¿\¿T¿T¿T¿T¿T¿T¿T¿T¿T¿T¿T¿T¿T¿T¿T¿T¿T¿k¿T¿T¿T¿T¿T¿T¿T¿T¿T¿T¿T¿T¿T¿T¿T¿T¿T¿_
2024-11-12 23:55:27,148 - INFO - Initialized trainer with 24999 training images and 7121 validation images
2024-11-12 23:55:27,148 - INFO - [32mTrainer initialized successfully[0m
2024-11-12 23:55:27,148 - INFO - 
[36m=== Starting Training ===[0m
2024-11-12 23:55:27,148 - INFO - Training on: cuda
2024-11-12 23:55:27,148 - INFO - 
[36m=== Epoch 1/100 ===[0m
2024-11-12 23:55:27,148 - INFO - Learning Rate: 5.00e-04
2024-11-12 23:55:27,148 - INFO - 
[36m=== GPU Memory Status ===[0m
2024-11-12 23:55:27,148 - INFO - Allocated: 0.16MB
2024-11-12 23:55:27,148 - INFO - Cached: 2.00MB
2024-11-12 23:55:51,812 - INFO - [32mFirst batch processing time: 17.96s[0m
2024-11-12 23:58:34,345 - ERROR - Error in batch processing: list index out of range
2024-11-12 23:58:34,347 - INFO - 
[36m=== Epoch [1] Summary ===[0m
Average Loss: [32m0.0157[0m
Average PSNR: [33m8.65dB[0m
Average SSIM: [35m0.0571[0m
Time: 187.20s
2024-11-12 23:58:34,347 - INFO - 
[36m=== Final GPU Memory Usage ===[0m
2024-11-12 23:58:34,349 - INFO - Allocated: 100.46MB
2024-11-12 23:58:34,349 - INFO - Cached: 4896.00MB
2024-11-12 23:58:59,246 - INFO - 
[36m=== Configuration ===[0m
2024-11-12 23:58:59,246 - INFO - Config type: <class 'dict'>
2024-11-12 23:58:59,246 - INFO - Config contents:
2024-11-12 23:58:59,246 - INFO - 
[33m[MODEL][0m
2024-11-12 23:58:59,246 - INFO - num_channels: 16
2024-11-12 23:58:59,246 - INFO - num_blocks: 3
2024-11-12 23:58:59,246 - INFO - debug_mode: False
2024-11-12 23:58:59,246 - INFO - 
[33m[TRAIN][0m
2024-11-12 23:58:59,246 - INFO - batch_size: 16
2024-11-12 23:58:59,246 - INFO - num_epochs: 100
2024-11-12 23:58:59,246 - INFO - learning_rate: 0.0005
2024-11-12 23:58:59,246 - INFO - min_lr: 1e-06
2024-11-12 23:58:59,246 - INFO - weight_decay: 0.0001
2024-11-12 23:58:59,246 - INFO - warmup_epochs: 3
2024-11-12 23:58:59,246 - INFO - grad_accum_steps: 2
2024-11-12 23:58:59,246 - INFO - 
[33m[DATA][0m
2024-11-12 23:58:59,246 - INFO - num_workers: 4
2024-11-12 23:58:59,246 - INFO - prefetch_factor: 4
2024-11-12 23:58:59,246 - INFO - pin_memory: True
2024-11-12 23:58:59,246 - INFO - persistent_workers: True
2024-11-12 23:58:59,246 - INFO - cache_size: 50
2024-11-12 23:58:59,247 - INFO - 
[33m[LOGGING][0m
2024-11-12 23:58:59,247 - INFO - print_freq: 20
2024-11-12 23:58:59,247 - INFO - save_freq: 5
2024-11-12 23:58:59,247 - INFO - checkpoint_dir: checkpoints
2024-11-12 23:58:59,247 - INFO - log_dir: logs
2024-11-12 23:58:59,247 - INFO - 
[33m[PATHS][0m
2024-11-12 23:58:59,247 - INFO - train_lr_dir: processed/train/lr
2024-11-12 23:58:59,247 - INFO - train_hr_dir: processed/train/hr
2024-11-12 23:58:59,247 - INFO - val_lr_dir: processed/val/lr
2024-11-12 23:58:59,247 - INFO - val_hr_dir: processed/val/hr
2024-11-12 23:58:59,247 - INFO - test_lr_dir: processed/test/lr
2024-11-12 23:58:59,247 - INFO - test_hr_dir: processed/test/hr
2024-11-12 23:58:59,249 - INFO - 
[32mCUDA is available. Using GPU: NVIDIA GeForce RTX 3060 Laptop GPU[0m
2024-11-12 23:58:59,249 - INFO - [36mInitializing Trainer...[0m
2024-11-12 23:58:59,288 - INFO - Creating model with config: {'num_channels': 16, 'num_blocks': 3, 'debug_mode': False}
2024-11-12 23:59:01,149 - INFO - [32mModel created successfully[0m
2024-11-12 23:59:01,583 - INFO - 
=== System Information ===
2024-11-12 23:59:01,633 - INFO - ¿V¿T¿T¿T¿T¿T¿T¿T¿T¿T¿T¿T¿T¿T¿T¿T¿T¿T¿h¿T¿T¿T¿T¿T¿T¿T¿T¿T¿T¿T¿T¿T¿T¿T¿T¿T¿Y
®ª Metric          ®ª Value           ®ª
¿b¿T¿T¿T¿T¿T¿T¿T¿T¿T¿T¿T¿T¿T¿T¿T¿T¿T¿n¿T¿T¿T¿T¿T¿T¿T¿T¿T¿T¿T¿T¿T¿T¿T¿T¿T¿e
®ª GPU Memory      ®ª 1090MB / 6144MB ®ª
®└®ñ®ñ®ñ®ñ®ñ®ñ®ñ®ñ®ñ®ñ®ñ®ñ®ñ®ñ®ñ®ñ®ñ®Ó®ñ®ñ®ñ®ñ®ñ®ñ®ñ®ñ®ñ®ñ®ñ®ñ®ñ®ñ®ñ®ñ®ñ®╚
®ª GPU Utilization ®ª 12.0%           ®ª
®└®ñ®ñ®ñ®ñ®ñ®ñ®ñ®ñ®ñ®ñ®ñ®ñ®ñ®ñ®ñ®ñ®ñ®Ó®ñ®ñ®ñ®ñ®ñ®ñ®ñ®ñ®ñ®ñ®ñ®ñ®ñ®ñ®ñ®ñ®ñ®╚
®ª GPU Temperature ®ª 65.0íÒC          ®ª
®└®ñ®ñ®ñ®ñ®ñ®ñ®ñ®ñ®ñ®ñ®ñ®ñ®ñ®ñ®ñ®ñ®ñ®Ó®ñ®ñ®ñ®ñ®ñ®ñ®ñ®ñ®ñ®ñ®ñ®ñ®ñ®ñ®ñ®ñ®ñ®╚
®ª CPU Usage       ®ª 3.9%            ®ª
®└®ñ®ñ®ñ®ñ®ñ®ñ®ñ®ñ®ñ®ñ®ñ®ñ®ñ®ñ®ñ®ñ®ñ®Ó®ñ®ñ®ñ®ñ®ñ®ñ®ñ®ñ®ñ®ñ®ñ®ñ®ñ®ñ®ñ®ñ®ñ®╚
®ª System Memory   ®ª 65.6%           ®ª
®└®ñ®ñ®ñ®ñ®ñ®ñ®ñ®ñ®ñ®ñ®ñ®ñ®ñ®ñ®ñ®ñ®ñ®Ó®ñ®ñ®ñ®ñ®ñ®ñ®ñ®ñ®ñ®ñ®ñ®ñ®ñ®ñ®ñ®ñ®ñ®╚
®ª Available RAM   ®ª 5.4GB           ®ª
¿\¿T¿T¿T¿T¿T¿T¿T¿T¿T¿T¿T¿T¿T¿T¿T¿T¿T¿k¿T¿T¿T¿T¿T¿T¿T¿T¿T¿T¿T¿T¿T¿T¿T¿T¿T¿_
2024-11-12 23:59:01,633 - INFO - Initialized trainer with 24999 training images and 7121 validation images
2024-11-12 23:59:01,633 - INFO - [32mTrainer initialized successfully[0m
2024-11-12 23:59:01,633 - INFO - 
[36m=== Starting Training ===[0m
2024-11-12 23:59:01,633 - INFO - Training on: cuda
2024-11-12 23:59:01,633 - INFO - 
[36m=== Epoch 1/100 ===[0m
2024-11-12 23:59:01,633 - INFO - Learning Rate: 5.00e-04
2024-11-13 00:04:54,006 - INFO - 
Epoch [1/100] - Loss: 0.0224, PSNR: 0.00dB, SSIM: 0.0000
2024-11-13 00:09:22,545 - INFO - 
[36m=== Configuration ===[0m
2024-11-13 00:09:22,545 - INFO - Config type: <class 'dict'>
2024-11-13 00:09:22,545 - INFO - Config contents:
2024-11-13 00:09:22,545 - INFO - 
[33m[MODEL][0m
2024-11-13 00:09:22,545 - INFO - num_channels: 16
2024-11-13 00:09:22,545 - INFO - num_blocks: 3
2024-11-13 00:09:22,545 - INFO - debug_mode: False
2024-11-13 00:09:22,545 - INFO - 
[33m[TRAIN][0m
2024-11-13 00:09:22,545 - INFO - batch_size: 16
2024-11-13 00:09:22,546 - INFO - num_epochs: 100
2024-11-13 00:09:22,546 - INFO - learning_rate: 0.0005
2024-11-13 00:09:22,546 - INFO - min_lr: 1e-06
2024-11-13 00:09:22,546 - INFO - weight_decay: 0.0001
2024-11-13 00:09:22,546 - INFO - warmup_epochs: 3
2024-11-13 00:09:22,546 - INFO - grad_accum_steps: 2
2024-11-13 00:09:22,546 - INFO - 
[33m[DATA][0m
2024-11-13 00:09:22,546 - INFO - num_workers: 4
2024-11-13 00:09:22,546 - INFO - prefetch_factor: 4
2024-11-13 00:09:22,546 - INFO - pin_memory: True
2024-11-13 00:09:22,546 - INFO - persistent_workers: True
2024-11-13 00:09:22,546 - INFO - cache_size: 50
2024-11-13 00:09:22,546 - INFO - 
[33m[LOGGING][0m
2024-11-13 00:09:22,546 - INFO - print_freq: 20
2024-11-13 00:09:22,546 - INFO - save_freq: 5
2024-11-13 00:09:22,546 - INFO - checkpoint_dir: checkpoints
2024-11-13 00:09:22,546 - INFO - log_dir: logs
2024-11-13 00:09:22,546 - INFO - 
[33m[PATHS][0m
2024-11-13 00:09:22,546 - INFO - train_lr_dir: processed/train/lr
2024-11-13 00:09:22,546 - INFO - train_hr_dir: processed/train/hr
2024-11-13 00:09:22,546 - INFO - val_lr_dir: processed/val/lr
2024-11-13 00:09:22,546 - INFO - val_hr_dir: processed/val/hr
2024-11-13 00:09:22,546 - INFO - test_lr_dir: processed/test/lr
2024-11-13 00:09:22,546 - INFO - test_hr_dir: processed/test/hr
2024-11-13 00:09:22,546 - INFO - 
[33m[RESUME][0m
2024-11-13 00:09:22,546 - INFO - enabled: False
2024-11-13 00:09:22,546 - INFO - checkpoint_path: 
2024-11-13 00:09:22,546 - INFO - reset_optimizer: False
2024-11-13 00:09:22,546 - INFO - reset_lr_scheduler: False
2024-11-13 00:09:22,546 - INFO - start_epoch: 1
2024-11-13 00:09:22,547 - INFO - 
[32mCUDA is available. Using GPU: NVIDIA GeForce RTX 3060 Laptop GPU[0m
2024-11-13 00:09:22,547 - INFO - [36mInitializing Trainer...[0m
2024-11-13 00:09:22,574 - INFO - Creating model with config: {'num_channels': 16, 'num_blocks': 3, 'debug_mode': False}
2024-11-13 00:09:23,749 - INFO - [32mModel created successfully[0m
2024-11-13 00:09:24,154 - INFO - 
=== System Information ===
2024-11-13 00:09:24,223 - INFO - ¿V¿T¿T¿T¿T¿T¿T¿T¿T¿T¿T¿T¿T¿T¿T¿T¿T¿T¿h¿T¿T¿T¿T¿T¿T¿T¿T¿T¿T¿T¿T¿T¿T¿T¿T¿T¿Y
®ª Metric          ®ª Value           ®ª
¿b¿T¿T¿T¿T¿T¿T¿T¿T¿T¿T¿T¿T¿T¿T¿T¿T¿T¿n¿T¿T¿T¿T¿T¿T¿T¿T¿T¿T¿T¿T¿T¿T¿T¿T¿T¿e
®ª GPU Memory      ®ª 1309MB / 6144MB ®ª
®└®ñ®ñ®ñ®ñ®ñ®ñ®ñ®ñ®ñ®ñ®ñ®ñ®ñ®ñ®ñ®ñ®ñ®Ó®ñ®ñ®ñ®ñ®ñ®ñ®ñ®ñ®ñ®ñ®ñ®ñ®ñ®ñ®ñ®ñ®ñ®╚
®ª GPU Utilization ®ª 13.0%           ®ª
®└®ñ®ñ®ñ®ñ®ñ®ñ®ñ®ñ®ñ®ñ®ñ®ñ®ñ®ñ®ñ®ñ®ñ®Ó®ñ®ñ®ñ®ñ®ñ®ñ®ñ®ñ®ñ®ñ®ñ®ñ®ñ®ñ®ñ®ñ®ñ®╚
®ª GPU Temperature ®ª 63.0íÒC          ®ª
®└®ñ®ñ®ñ®ñ®ñ®ñ®ñ®ñ®ñ®ñ®ñ®ñ®ñ®ñ®ñ®ñ®ñ®Ó®ñ®ñ®ñ®ñ®ñ®ñ®ñ®ñ®ñ®ñ®ñ®ñ®ñ®ñ®ñ®ñ®ñ®╚
®ª CPU Usage       ®ª 4.1%            ®ª
®└®ñ®ñ®ñ®ñ®ñ®ñ®ñ®ñ®ñ®ñ®ñ®ñ®ñ®ñ®ñ®ñ®ñ®Ó®ñ®ñ®ñ®ñ®ñ®ñ®ñ®ñ®ñ®ñ®ñ®ñ®ñ®ñ®ñ®ñ®ñ®╚
®ª System Memory   ®ª 70.1%           ®ª
®└®ñ®ñ®ñ®ñ®ñ®ñ®ñ®ñ®ñ®ñ®ñ®ñ®ñ®ñ®ñ®ñ®ñ®Ó®ñ®ñ®ñ®ñ®ñ®ñ®ñ®ñ®ñ®ñ®ñ®ñ®ñ®ñ®ñ®ñ®ñ®╚
®ª Available RAM   ®ª 4.7GB           ®ª
¿\¿T¿T¿T¿T¿T¿T¿T¿T¿T¿T¿T¿T¿T¿T¿T¿T¿T¿k¿T¿T¿T¿T¿T¿T¿T¿T¿T¿T¿T¿T¿T¿T¿T¿T¿T¿_
2024-11-13 00:09:24,223 - INFO - Initialized trainer with 24999 training images and 7121 validation images
2024-11-13 00:09:24,223 - INFO - [32mTrainer initialized successfully[0m
2024-11-13 00:09:24,224 - INFO - 
[36m=== Starting Training ===[0m
2024-11-13 00:09:24,224 - INFO - Training on: cuda
2024-11-13 00:09:24,224 - INFO - 
[36m=== Epoch 1/100 ===[0m
2024-11-13 00:09:24,224 - INFO - Learning Rate: 5.00e-04
2024-11-13 00:10:02,157 - INFO - 
Epoch [1/100] - Loss: 0.0047, PSNR: 0.00dB, SSIM: 0.0000
2024-11-19 18:17:33,845 - INFO - 
[36m=== Configuration ===[0m
2024-11-19 18:17:33,846 - INFO - Config type: <class 'dict'>
2024-11-19 18:17:33,846 - INFO - Config contents:
2024-11-19 18:17:33,846 - INFO - 
[33m[MODEL][0m
2024-11-19 18:17:33,846 - INFO - num_channels: 16
2024-11-19 18:17:33,846 - INFO - num_blocks: 3
2024-11-19 18:17:33,846 - INFO - debug_mode: False
2024-11-19 18:17:33,846 - INFO - 
[33m[TRAIN][0m
2024-11-19 18:17:33,847 - INFO - batch_size: 16
2024-11-19 18:17:33,847 - INFO - num_epochs: 100
2024-11-19 18:17:33,847 - INFO - learning_rate: 0.0005
2024-11-19 18:17:33,847 - INFO - min_lr: 1e-06
2024-11-19 18:17:33,847 - INFO - weight_decay: 0.0001
2024-11-19 18:17:33,847 - INFO - warmup_epochs: 3
2024-11-19 18:17:33,847 - INFO - grad_accum_steps: 2
2024-11-19 18:17:33,847 - INFO - 
[33m[DATA][0m
2024-11-19 18:17:33,847 - INFO - num_workers: 4
2024-11-19 18:17:33,847 - INFO - prefetch_factor: 4
2024-11-19 18:17:33,847 - INFO - pin_memory: True
2024-11-19 18:17:33,847 - INFO - persistent_workers: True
2024-11-19 18:17:33,847 - INFO - cache_size: 50
2024-11-19 18:17:33,847 - INFO - 
[33m[LOGGING][0m
2024-11-19 18:17:33,847 - INFO - print_freq: 20
2024-11-19 18:17:33,847 - INFO - save_freq: 5
2024-11-19 18:17:33,847 - INFO - checkpoint_dir: checkpoints
2024-11-19 18:17:33,847 - INFO - log_dir: logs
2024-11-19 18:17:33,847 - INFO - 
[33m[PATHS][0m
2024-11-19 18:17:33,847 - INFO - train_lr_dir: processed/train/lr
2024-11-19 18:17:33,847 - INFO - train_hr_dir: processed/train/hr
2024-11-19 18:17:33,847 - INFO - val_lr_dir: processed/val/lr
2024-11-19 18:17:33,847 - INFO - val_hr_dir: processed/val/hr
2024-11-19 18:17:33,848 - INFO - test_lr_dir: processed/test/lr
2024-11-19 18:17:33,848 - INFO - test_hr_dir: processed/test/hr
2024-11-19 18:17:33,848 - INFO - 
[33m[RESUME][0m
2024-11-19 18:17:33,848 - INFO - enabled: False
2024-11-19 18:17:33,848 - INFO - checkpoint_path: 
2024-11-19 18:17:33,848 - INFO - reset_optimizer: False
2024-11-19 18:17:33,848 - INFO - reset_lr_scheduler: False
2024-11-19 18:17:33,848 - INFO - start_epoch: 1
2024-11-19 18:17:33,857 - INFO - 
[32mCUDA is available. Using GPU: NVIDIA GeForce RTX 3060 Laptop GPU[0m
2024-11-19 18:17:33,857 - INFO - [36mInitializing Trainer...[0m
2024-11-19 18:17:33,947 - INFO - Creating model with config: {'num_channels': 16, 'num_blocks': 3, 'debug_mode': False}
2024-11-19 18:17:38,217 - INFO - [32mModel created successfully[0m
2024-11-19 18:17:39,892 - INFO - 
=== System Information ===
2024-11-19 18:17:40,018 - INFO - ¿V¿T¿T¿T¿T¿T¿T¿T¿T¿T¿T¿T¿T¿T¿T¿T¿T¿T¿h¿T¿T¿T¿T¿T¿T¿T¿T¿T¿T¿T¿T¿T¿T¿T¿T¿T¿Y
®ª Metric          ®ª Value           ®ª
¿b¿T¿T¿T¿T¿T¿T¿T¿T¿T¿T¿T¿T¿T¿T¿T¿T¿T¿n¿T¿T¿T¿T¿T¿T¿T¿T¿T¿T¿T¿T¿T¿T¿T¿T¿T¿e
®ª GPU Memory      ®ª 2767MB / 6144MB ®ª
®└®ñ®ñ®ñ®ñ®ñ®ñ®ñ®ñ®ñ®ñ®ñ®ñ®ñ®ñ®ñ®ñ®ñ®Ó®ñ®ñ®ñ®ñ®ñ®ñ®ñ®ñ®ñ®ñ®ñ®ñ®ñ®ñ®ñ®ñ®ñ®╚
®ª GPU Utilization ®ª 19.0%           ®ª
®└®ñ®ñ®ñ®ñ®ñ®ñ®ñ®ñ®ñ®ñ®ñ®ñ®ñ®ñ®ñ®ñ®ñ®Ó®ñ®ñ®ñ®ñ®ñ®ñ®ñ®ñ®ñ®ñ®ñ®ñ®ñ®ñ®ñ®ñ®ñ®╚
®ª GPU Temperature ®ª 61.0íÒC          ®ª
®└®ñ®ñ®ñ®ñ®ñ®ñ®ñ®ñ®ñ®ñ®ñ®ñ®ñ®ñ®ñ®ñ®ñ®Ó®ñ®ñ®ñ®ñ®ñ®ñ®ñ®ñ®ñ®ñ®ñ®ñ®ñ®ñ®ñ®ñ®ñ®╚
®ª CPU Usage       ®ª 14.3%           ®ª
®└®ñ®ñ®ñ®ñ®ñ®ñ®ñ®ñ®ñ®ñ®ñ®ñ®ñ®ñ®ñ®ñ®ñ®Ó®ñ®ñ®ñ®ñ®ñ®ñ®ñ®ñ®ñ®ñ®ñ®ñ®ñ®ñ®ñ®ñ®ñ®╚
®ª System Memory   ®ª 93.7%           ®ª
®└®ñ®ñ®ñ®ñ®ñ®ñ®ñ®ñ®ñ®ñ®ñ®ñ®ñ®ñ®ñ®ñ®ñ®Ó®ñ®ñ®ñ®ñ®ñ®ñ®ñ®ñ®ñ®ñ®ñ®ñ®ñ®ñ®ñ®ñ®ñ®╚
®ª Available RAM   ®ª 1.0GB           ®ª
¿\¿T¿T¿T¿T¿T¿T¿T¿T¿T¿T¿T¿T¿T¿T¿T¿T¿T¿k¿T¿T¿T¿T¿T¿T¿T¿T¿T¿T¿T¿T¿T¿T¿T¿T¿T¿_
2024-11-19 18:17:40,019 - INFO - Initialized trainer with 24999 training images and 7121 validation images
2024-11-19 18:17:40,020 - INFO - [32mTrainer initialized successfully[0m
2024-11-19 18:17:40,020 - INFO - 
[36m=== Starting Training ===[0m
2024-11-19 18:17:40,020 - INFO - Training on: cuda
2024-11-19 18:17:40,020 - INFO - 
[36m=== Epoch 1/100 ===[0m
2024-11-19 18:17:40,020 - INFO - Learning Rate: 5.00e-04
2024-11-19 19:46:37,109 - INFO - Configuration loaded successfully
2024-11-19 19:46:37,112 - INFO - Using GPU: NVIDIA GeForce RTX 3060 Laptop GPU
2024-11-19 19:46:37,112 - INFO - Initializing Trainer...
2024-11-19 19:46:39,196 - INFO - Model created successfully
2024-11-19 19:46:39,196 - ERROR - Error creating optimizer: 'Trainer' object has no attribute 'train_loader'
2024-11-19 19:46:39,196 - ERROR - Error in main: 'Trainer' object has no attribute 'train_loader'
2024-11-19 19:47:37,572 - INFO - Configuration loaded successfully
2024-11-19 19:47:37,573 - INFO - Using GPU: NVIDIA GeForce RTX 3060 Laptop GPU
2024-11-19 19:47:37,573 - INFO - Initializing Trainer...
2024-11-19 19:47:40,093 - INFO - Created data loaders with 24999 training images and 7121 validation images
2024-11-19 19:47:40,093 - ERROR - Error in main: 'Trainer' object has no attribute '_create_model'
2024-11-19 19:48:52,981 - INFO - Configuration loaded successfully
2024-11-19 19:48:52,982 - INFO - Using GPU: NVIDIA GeForce RTX 3060 Laptop GPU
2024-11-19 19:48:52,982 - INFO - Initializing Trainer...
2024-11-19 19:48:54,474 - INFO - Created data loaders with 24999 training images and 7121 validation images
2024-11-19 19:48:55,877 - INFO - Model created successfully
2024-11-19 19:48:55,878 - INFO - Optimizer and scheduler created successfully
2024-11-19 19:48:55,878 - INFO - Trainer initialized successfully
2024-11-19 19:48:55,878 - INFO - Starting Training...
2024-11-19 19:48:55,878 - INFO - Training on: cuda
2024-11-19 19:49:39,115 - ERROR - Error in training: CUDA out of memory. Tried to allocate 512.00 MiB (GPU 0; 6.00 GiB total capacity; 4.14 GiB already allocated; 0 bytes free; 4.15 GiB reserved in total by PyTorch) If reserved memory is >> allocated memory try setting max_split_size_mb to avoid fragmentation.  See documentation for Memory Management and PYTORCH_CUDA_ALLOC_CONF
2024-11-19 19:49:39,117 - INFO - Epoch 1 - Loss: 0.0000
2024-11-19 19:49:39,117 - ERROR - Error occurred during training: CUDA out of memory. Tried to allocate 512.00 MiB (GPU 0; 6.00 GiB total capacity; 4.14 GiB already allocated; 0 bytes free; 4.15 GiB reserved in total by PyTorch) If reserved memory is >> allocated memory try setting max_split_size_mb to avoid fragmentation.  See documentation for Memory Management and PYTORCH_CUDA_ALLOC_CONF
2024-11-19 19:49:39,117 - INFO - Training completed in 0.01 hours
Best Validation Loss: inf at Epoch 0
2024-11-19 19:49:39,117 - ERROR - Error in main: CUDA out of memory. Tried to allocate 512.00 MiB (GPU 0; 6.00 GiB total capacity; 4.14 GiB already allocated; 0 bytes free; 4.15 GiB reserved in total by PyTorch) If reserved memory is >> allocated memory try setting max_split_size_mb to avoid fragmentation.  See documentation for Memory Management and PYTORCH_CUDA_ALLOC_CONF
2024-11-19 19:55:09,854 - INFO - Configuration loaded successfully
2024-11-19 19:55:09,855 - INFO - Using GPU: NVIDIA GeForce RTX 3060 Laptop GPU
2024-11-19 19:55:09,856 - INFO - Initializing Trainer...
2024-11-19 19:55:11,753 - INFO - Created data loaders with 24999 training images and 7121 validation images
2024-11-19 19:55:14,577 - INFO - Model created successfully
2024-11-19 19:55:14,577 - INFO - Optimizer and scheduler created successfully
2024-11-19 19:55:14,577 - INFO - Trainer initialized successfully
2024-11-19 19:55:14,577 - INFO - Starting Training...
2024-11-19 19:55:14,577 - INFO - Training on: cuda
2024-11-19 20:26:05,461 - INFO - Initializing Trainer...
2024-11-19 20:26:12,216 - ERROR - Error in initialization: ╩²¥¦─┐┬╝▓╗┤µÈ┌: data\train\lr
2024-11-19 21:52:44,332 - INFO - Initializing Trainer...
2024-11-19 21:52:47,590 - INFO - Created data loaders - Train: 24999 images, Val: 7121 images
2024-11-19 21:52:49,839 - INFO - Model created successfully
2024-11-19 21:52:49,840 - INFO - Optimizer and scheduler created successfully
2024-11-19 21:52:49,840 - INFO - Trainer initialized successfully
2024-11-19 21:52:49,840 - INFO - Starting training...
2024-11-19 22:00:57,498 - INFO - Initializing Trainer...
2024-11-19 22:01:02,335 - INFO - Created data loaders - Train: 24999 images, Val: 7121 images
2024-11-19 22:01:04,603 - INFO - Model created successfully
2024-11-19 22:01:04,603 - ERROR - Error creating optimizer: 'num_epochs'
2024-11-19 22:01:04,603 - ERROR - Error in initialization: 'num_epochs'
2024-11-19 22:02:50,083 - INFO - Initializing Trainer...
2024-11-19 22:02:53,228 - INFO - Created data loaders - Train: 24999 images, Val: 7121 images
2024-11-19 22:02:55,142 - INFO - Model created successfully
2024-11-19 22:02:55,142 - INFO - Optimizer and scheduler created successfully
2024-11-19 22:02:55,142 - INFO - Trainer initialized successfully
2024-11-19 22:02:55,142 - INFO - Starting training...
2024-11-19 22:02:55,497 - ERROR - Error in epoch 1: Expected a 'cpu' device type for generator but found 'cuda'
2024-11-19 22:02:55,497 - ERROR - Training error: division by zero
2024-11-19 22:02:55,497 - INFO - Training completed in 0.00 hours
Best validation loss: inf at epoch 0
2024-11-19 22:03:41,201 - INFO - Initializing Trainer...
2024-11-19 22:03:44,064 - INFO - Created data loaders - Train: 24999 images, Val: 7121 images
2024-11-19 22:03:45,855 - INFO - Model created successfully
2024-11-19 22:03:45,856 - INFO - Optimizer and scheduler created successfully
2024-11-19 22:03:45,856 - INFO - Trainer initialized successfully
2024-11-19 22:03:45,856 - INFO - Starting training...
2024-11-19 22:12:59,710 - INFO - Initializing Trainer...
2024-11-19 22:13:04,381 - INFO - Created data loaders - Train: 24999 images, Val: 7121 images
2024-11-19 22:13:06,543 - INFO - Model created successfully
2024-11-19 22:13:06,543 - INFO - Optimizer and scheduler created successfully
2024-11-19 22:13:06,543 - INFO - Trainer initialized successfully
2024-11-19 22:13:06,543 - INFO - Starting training...
2024-11-19 22:51:50,260 - INFO - Epoch 1 - Loss: 0.0784, PSNR: 20.53, SSIM: 0.4587, Avg batch time: 0.736s
2024-11-19 22:51:50,261 - INFO - Epoch 1 completed in 2323.72s
2024-11-19 23:29:44,058 - INFO - Epoch 2 - Loss: 0.0356, PSNR: 24.83, SSIM: 0.7079, Avg batch time: 0.722s
2024-11-19 23:33:34,934 - INFO - Validation - Loss: 0.0309, PSNR: 26.32dB, SSIM: 0.7548
2024-11-19 23:33:34,974 - INFO - Saved checkpoint to checkpoints\best_model.pth
2024-11-19 23:33:34,974 - INFO - Epoch 2 completed in 2504.71s
2024-11-20 00:12:29,016 - INFO - Epoch 3 - Loss: 0.0302, PSNR: 26.51, SSIM: 0.7801, Avg batch time: 0.741s
2024-11-20 00:12:29,017 - INFO - Epoch 3 completed in 2334.04s
2024-11-20 01:31:25,659 - INFO - Epoch 4 - Loss: 0.0282, PSNR: 27.30, SSIM: 0.8098, Avg batch time: 1.508s
2024-11-20 01:39:18,183 - INFO - Validation - Loss: 0.0273, PSNR: 27.59dB, SSIM: 0.8090
2024-11-20 01:39:18,214 - INFO - Saved checkpoint to checkpoints\best_model.pth
2024-11-20 01:39:18,214 - INFO - Epoch 4 completed in 5209.20s
2024-11-20 02:52:14,795 - INFO - Epoch 5 - Loss: 0.0275, PSNR: 27.72, SSIM: 0.8243, Avg batch time: 1.393s
2024-11-20 02:52:14,797 - INFO - Epoch 5 completed in 4376.58s
2024-11-20 02:52:14,819 - INFO - Saved checkpoint to checkpoints\checkpoint_epoch_5.pth
2024-11-20 04:03:51,394 - INFO - Epoch 6 - Loss: 0.0274, PSNR: 27.90, SSIM: 0.8405, Avg batch time: 1.367s
2024-11-20 04:11:37,892 - INFO - Validation - Loss: 0.0253, PSNR: 28.21dB, SSIM: 0.8378
2024-11-20 04:11:38,164 - INFO - Saved checkpoint to checkpoints\best_model.pth
2024-11-20 04:11:38,164 - INFO - Epoch 6 completed in 4763.35s
2024-11-20 05:22:23,384 - INFO - Epoch 7 - Loss: 0.0271, PSNR: 28.08, SSIM: 0.8531, Avg batch time: 1.351s
2024-11-20 05:22:23,385 - INFO - Epoch 7 completed in 4245.22s
2024-11-20 06:33:24,579 - INFO - Epoch 8 - Loss: 0.0268, PSNR: 28.22, SSIM: 0.8621, Avg batch time: 1.356s
2024-11-20 06:41:12,235 - INFO - Validation - Loss: 0.0249, PSNR: 28.40dB, SSIM: 0.8440
2024-11-20 06:41:12,297 - INFO - Saved checkpoint to checkpoints\best_model.pth
2024-11-20 06:41:12,297 - INFO - Epoch 8 completed in 4728.91s
2024-11-20 07:53:40,829 - INFO - Epoch 9 - Loss: 0.0266, PSNR: 28.34, SSIM: 0.8667, Avg batch time: 1.384s
2024-11-20 07:53:40,830 - INFO - Epoch 9 completed in 4348.53s
2024-11-20 09:10:03,816 - INFO - Epoch 10 - Loss: 0.0263, PSNR: 28.47, SSIM: 0.8704, Avg batch time: 1.459s
2024-11-20 09:17:54,991 - INFO - Validation - Loss: 0.0270, PSNR: 28.09dB, SSIM: 0.8477
2024-11-20 09:17:54,991 - INFO - Epoch 10 completed in 5054.16s
2024-11-20 09:17:55,024 - INFO - Saved checkpoint to checkpoints\checkpoint_epoch_10.pth
2024-11-20 10:35:54,083 - INFO - Epoch 11 - Loss: 0.0262, PSNR: 28.56, SSIM: 0.8737, Avg batch time: 1.489s
2024-11-20 10:35:54,083 - INFO - Epoch 11 completed in 4679.06s
2024-11-20 11:59:13,012 - INFO - Epoch 12 - Loss: 0.0259, PSNR: 28.66, SSIM: 0.8774, Avg batch time: 1.592s
2024-11-20 12:07:22,320 - INFO - Validation - Loss: 0.0262, PSNR: 28.33dB, SSIM: 0.8637
2024-11-20 12:07:22,321 - INFO - Epoch 12 completed in 5488.24s
2024-11-20 12:57:49,856 - INFO - Initializing Trainer...
2024-11-20 13:02:36,501 - INFO - Initializing Trainer...
2024-11-20 13:02:50,724 - INFO - Created data loaders - Train: 24999 images, Val: 7121 images
2024-11-20 13:02:50,724 - ERROR - Error creating model: __init__() got an unexpected keyword argument 'debug_mode'
2024-11-20 13:02:50,724 - ERROR - Error in initialization: __init__() got an unexpected keyword argument 'debug_mode'
2024-11-20 13:03:59,953 - INFO - Initializing Trainer...
2024-11-20 13:04:04,108 - INFO - Created data loaders - Train: 24999 images, Val: 7121 images
2024-11-20 13:04:06,957 - INFO - Model created successfully
2024-11-20 13:04:06,957 - INFO - Optimizer and scheduler created successfully
2024-11-20 13:04:06,957 - INFO - Trainer initialized successfully
2024-11-20 13:04:06,957 - INFO - Starting training...
2024-11-20 13:04:07,013 - ERROR - Error loading checkpoint: Error(s) in loading state_dict for EnhancedXRaySR:
	Missing key(s) in state_dict: "first_conv.0.bias", "trunk.0.conv1.weight", "trunk.0.conv1.bias", "trunk.0.bn1.weight", "trunk.0.bn1.bias", "trunk.0.bn1.running_mean", "trunk.0.bn1.running_var", "trunk.0.prelu1.weight", "trunk.0.conv2.weight", "trunk.0.conv2.bias", "trunk.0.bn2.weight", "trunk.0.bn2.bias", "trunk.0.bn2.running_mean", "trunk.0.bn2.running_var", "trunk.0.fc1.weight", "trunk.0.fc1.bias", "trunk.0.fc2.weight", "trunk.0.fc2.bias", "trunk.1.conv1.weight", "trunk.1.conv1.bias", "trunk.1.bn1.weight", "trunk.1.bn1.bias", "trunk.1.bn1.running_mean", "trunk.1.bn1.running_var", "trunk.1.prelu1.weight", "trunk.1.conv2.weight", "trunk.1.conv2.bias", "trunk.1.bn2.weight", "trunk.1.bn2.bias", "trunk.1.bn2.running_mean", "trunk.1.bn2.running_var", "trunk.1.fc1.weight", "trunk.1.fc1.bias", "trunk.1.fc2.weight", "trunk.1.fc2.bias", "trunk.2.conv1.weight", "trunk.2.conv1.bias", "trunk.2.bn1.weight", "trunk.2.bn1.bias", "trunk.2.bn1.running_mean", "trunk.2.bn1.running_var", "trunk.2.prelu1.weight", "trunk.2.conv2.weight", "trunk.2.conv2.bias", "trunk.2.bn2.weight", "trunk.2.bn2.bias", "trunk.2.bn2.running_mean", "trunk.2.bn2.running_var", "trunk.2.fc1.weight", "trunk.2.fc1.bias", "trunk.2.fc2.weight", "trunk.2.fc2.bias", "fusion.weight", "fusion.bias", "upsampler.0.bias", "upsampler.3.bias", "edge_enhance.0.weight", "edge_enhance.0.bias", "edge_enhance.1.weight", "edge_enhance.2.weight", "edge_enhance.2.bias". 
	Unexpected key(s) in state_dict: "enhance.0.weight", "enhance.1.weight", "enhance.2.weight", "trunk.0.conv_block.0.weight", "trunk.0.conv_block.1.weight", "trunk.0.conv_block.1.bias", "trunk.0.conv_block.1.running_mean", "trunk.0.conv_block.1.running_var", "trunk.0.conv_block.1.num_batches_tracked", "trunk.0.conv_block.2.weight", "trunk.0.conv_block.3.weight", "trunk.0.conv_block.4.weight", "trunk.0.conv_block.4.bias", "trunk.0.conv_block.4.running_mean", "trunk.0.conv_block.4.running_var", "trunk.0.conv_block.4.num_batches_tracked", "trunk.1.conv_block.0.weight", "trunk.1.conv_block.1.weight", "trunk.1.conv_block.1.bias", "trunk.1.conv_block.1.running_mean", "trunk.1.conv_block.1.running_var", "trunk.1.conv_block.1.num_batches_tracked", "trunk.1.conv_block.2.weight", "trunk.1.conv_block.3.weight", "trunk.1.conv_block.4.weight", "trunk.1.conv_block.4.bias", "trunk.1.conv_block.4.running_mean", "trunk.1.conv_block.4.running_var", "trunk.1.conv_block.4.num_batches_tracked", "trunk.2.conv_block.0.weight", "trunk.2.conv_block.1.weight", "trunk.2.conv_block.1.bias", "trunk.2.conv_block.1.running_mean", "trunk.2.conv_block.1.running_var", "trunk.2.conv_block.1.num_batches_tracked", "trunk.2.conv_block.2.weight", "trunk.2.conv_block.3.weight", "trunk.2.conv_block.4.weight", "trunk.2.conv_block.4.bias", "trunk.2.conv_block.4.running_mean", "trunk.2.conv_block.4.running_var", "trunk.2.conv_block.4.num_batches_tracked", "fusion.0.weight", "fusion.1.weight", "fusion.1.bias", "fusion.1.running_mean", "fusion.1.running_var", "fusion.1.num_batches_tracked". 
	size mismatch for first_conv.0.weight: copying a param with shape torch.Size([16, 1, 7, 7]) from checkpoint, the shape in current model is torch.Size([16, 1, 9, 9]).
	size mismatch for final.weight: copying a param with shape torch.Size([1, 16, 7, 7]) from checkpoint, the shape in current model is torch.Size([1, 16, 9, 9]).
2024-11-20 13:16:01,620 - INFO - Initializing Trainer...
2024-11-20 13:16:05,728 - INFO - Created data loaders - Train: 24999 images, Val: 7121 images
2024-11-20 13:16:07,635 - INFO - Model created successfully
2024-11-20 13:16:07,635 - INFO - Optimizer and scheduler created successfully
2024-11-20 13:16:07,636 - INFO - Trainer initialized successfully
2024-11-20 13:16:07,636 - INFO - Starting training...
2024-11-20 13:16:07,675 - WARNING - Could not load optimizer/scheduler state: loaded state dict contains a parameter group that doesn't match the size of optimizer's group
2024-11-20 13:16:07,675 - WARNING - Will start with fresh optimizer/scheduler state
2024-11-20 13:16:07,675 - INFO - Successfully loaded 6 weights
2024-11-20 13:16:07,675 - INFO - Skipped 50 incompatible weights
2024-11-20 13:16:07,675 - INFO - Skipped layers:
2024-11-20 13:16:07,675 - INFO -   - first_conv.0.weight
2024-11-20 13:16:07,675 - INFO -   - trunk.0.conv_block.0.weight
2024-11-20 13:16:07,675 - INFO -   - trunk.0.conv_block.1.weight
2024-11-20 13:16:07,675 - INFO -   - trunk.0.conv_block.1.bias
2024-11-20 13:16:07,675 - INFO -   - trunk.0.conv_block.1.running_mean
2024-11-20 13:16:07,675 - INFO -   - trunk.0.conv_block.1.running_var
2024-11-20 13:16:07,675 - INFO -   - trunk.0.conv_block.1.num_batches_tracked
2024-11-20 13:16:07,676 - INFO -   - trunk.0.conv_block.2.weight
2024-11-20 13:16:07,676 - INFO -   - trunk.0.conv_block.3.weight
2024-11-20 13:16:07,676 - INFO -   - trunk.0.conv_block.4.weight
2024-11-20 13:16:07,676 - INFO -   ... and 40 more
2024-11-20 13:16:07,676 - WARNING - Large number of weights not loaded, consider:
2024-11-20 13:16:07,676 - WARNING - 1. Using a lower learning rate initially
2024-11-20 13:16:07,676 - WARNING - 2. Freezing loaded weights for a few epochs
2024-11-20 13:16:07,676 - WARNING - 3. Adding a warm-up period
2024-11-20 13:16:07,676 - INFO - Automatically reduced learning rate to 1/10
2024-11-20 13:16:07,676 - INFO - Resumed training from epoch 0
2024-11-20 22:56:58,592 - INFO - Initializing Trainer...
2024-11-20 22:57:02,990 - INFO - Created data loaders - Train: 24999 images, Val: 7121 images
2024-11-20 22:57:05,031 - INFO - Model created successfully
2024-11-20 22:57:05,031 - INFO - Optimizer and scheduler created successfully
2024-11-20 22:57:05,031 - INFO - Trainer initialized successfully
2024-11-20 22:57:05,031 - INFO - Starting training...
2024-11-20 23:35:32,528 - INFO - Epoch 1 - Loss: 0.0936, PSNR: 17.41, SSIM: 0.3317, Avg batch time: 0.794s
2024-11-20 23:35:32,529 - INFO - Training interrupted by user
2024-11-20 23:35:32,555 - INFO - Saved checkpoint to checkpoints\interrupted.pth
2024-11-20 23:35:32,555 - INFO - Training completed in 0.64 hours
Best validation loss: inf at epoch 0
2024-11-20 23:36:25,314 - INFO - Initializing Trainer...
2024-11-20 23:36:29,972 - INFO - Created data loaders - Train: 24999 images, Val: 7121 images
2024-11-20 23:36:31,224 - INFO - Model created successfully
2024-11-20 23:36:31,224 - INFO - Optimizer and scheduler created successfully
2024-11-20 23:36:31,224 - INFO - Trainer initialized successfully
2024-11-20 23:36:31,224 - INFO - Starting training...
2024-11-20 23:36:31,262 - INFO - Resumed training from epoch 1
2024-11-20 23:39:20,269 - INFO - Epoch 2 - Loss: 0.0025, PSNR: 1.43, SSIM: 0.0354, Avg batch time: 0.847s
2024-11-20 23:39:20,270 - INFO - Training interrupted by user
2024-11-20 23:39:20,302 - INFO - Saved checkpoint to checkpoints\interrupted.pth
2024-11-20 23:39:20,302 - INFO - Training completed in 0.05 hours
Best validation loss: inf at epoch 0
2024-11-20 23:40:20,761 - INFO - Initializing Trainer...
2024-11-20 23:40:25,138 - INFO - Created data loaders - Train: 24999 images, Val: 7121 images
2024-11-20 23:40:26,933 - INFO - Model created successfully
2024-11-20 23:40:26,933 - INFO - Optimizer and scheduler created successfully
2024-11-20 23:40:26,933 - INFO - Trainer initialized successfully
2024-11-20 23:40:26,933 - INFO - Starting training...
2024-11-20 23:40:26,976 - INFO - Resumed training from epoch 10
2024-11-20 23:42:23,935 - INFO - Epoch 11 - Loss: 0.0001, PSNR: 0.15, SSIM: 0.0047, Avg batch time: 6.221s
2024-11-20 23:42:23,937 - INFO - Training interrupted by user
2024-11-22 23:29:41,740 - INFO - Initializing Trainer...
2024-11-22 23:29:45,753 - INFO - Created data loaders - Train: 24999 images, Val: 7121 images
2024-11-22 23:29:47,632 - INFO - Model created successfully
2024-11-22 23:29:47,632 - INFO - Optimizer and scheduler created successfully
2024-11-22 23:29:47,632 - INFO - Trainer initialized successfully
2024-11-22 23:29:47,632 - INFO - Starting training...
2024-11-27 16:52:46,402 - INFO - Initializing Trainer...
2024-11-27 16:52:53,932 - INFO - Created data loaders - Train: 24999 images, Val: 7121 images
2024-11-27 16:52:55,107 - INFO - Model created successfully
2024-11-27 16:52:55,107 - INFO - Optimizer and scheduler created successfully
2024-11-27 16:52:55,107 - INFO - Trainer initialized successfully
2024-11-27 16:52:55,107 - INFO - Starting training...
2024-11-27 16:52:55,144 - INFO - Resumed training from epoch 10
2024-11-27 17:34:11,157 - INFO - Epoch 11 - Loss: 0.0260, PSNR: 28.59, SSIM: 0.8757, Avg batch time: 0.785s
2024-11-27 17:34:11,157 - INFO - Epoch 11 completed in 2476.01s
2024-11-27 18:17:07,144 - INFO - Epoch 12 - Loss: 0.0260, PSNR: 28.64, SSIM: 0.8768, Avg batch time: 0.819s
2024-11-27 18:21:14,837 - INFO - Validation - Loss: 0.0288, PSNR: 27.85dB, SSIM: 0.8580
2024-11-27 18:21:14,838 - INFO - Epoch 12 completed in 2823.68s
2024-11-27 18:37:52,575 - INFO - Initializing Trainer...
2024-11-27 18:37:58,229 - INFO - Created data loaders - Train: 24999 images, Val: 7121 images
2024-11-27 18:38:00,109 - INFO - Model created successfully
2024-11-27 18:38:00,109 - INFO - Optimizer and scheduler created successfully
2024-11-27 18:38:00,110 - INFO - Trainer initialized successfully
2024-11-27 18:38:00,110 - INFO - Starting training...
2024-11-27 18:38:00,151 - INFO - Resumed training from epoch 10
2024-11-27 18:38:23,175 - ERROR - Error in training step: log10(): argument 'input' (position 1) must be Tensor, not float
2024-11-27 18:38:23,176 - ERROR - Error in epoch 11: log10(): argument 'input' (position 1) must be Tensor, not float
2024-11-27 18:38:23,176 - ERROR - Training error: division by zero
2024-11-27 18:38:23,176 - INFO - Training completed in 0.01 hours
Best validation loss: 0.0249 at epoch 8
2024-11-27 18:40:23,084 - INFO - Initializing Trainer...
2024-11-27 18:40:26,680 - INFO - Created data loaders - Train: 24999 images, Val: 7121 images
2024-11-27 18:40:28,528 - INFO - Model created successfully
2024-11-27 18:40:28,529 - INFO - Optimizer and scheduler created successfully
2024-11-27 18:40:28,529 - INFO - Trainer initialized successfully
2024-11-27 18:40:28,529 - INFO - Starting training...
2024-11-27 18:40:28,561 - INFO - Resumed training from epoch 10
2024-11-27 18:40:50,323 - ERROR - Error in training step: 'Trainer' object has no attribute 'current_step'
2024-11-27 18:40:50,324 - ERROR - Error in epoch 11: 'Trainer' object has no attribute 'current_step'
2024-11-27 18:40:50,325 - ERROR - Training error: division by zero
2024-11-27 18:40:50,325 - INFO - Training completed in 0.01 hours
Best validation loss: 0.0249 at epoch 8
2024-11-27 18:41:44,821 - INFO - Initializing Trainer...
2024-11-27 18:41:48,435 - INFO - Created data loaders - Train: 24999 images, Val: 7121 images
2024-11-27 18:41:49,609 - INFO - Model created successfully
2024-11-27 18:41:49,610 - INFO - Optimizer and scheduler created successfully
2024-11-27 18:41:49,610 - INFO - Trainer initialized successfully
2024-11-27 18:41:49,610 - INFO - Starting training...
2024-11-27 18:41:49,635 - INFO - Resumed training from epoch 10
2024-11-27 18:42:11,461 - ERROR - Error in training step: 'Trainer' object has no attribute 'current_step'
2024-11-27 18:42:11,461 - ERROR - Error in epoch 11: 'Trainer' object has no attribute 'current_step'
2024-11-27 18:42:11,461 - ERROR - Training error: division by zero
2024-11-27 18:42:11,461 - INFO - Training completed in 0.01 hours
Best validation loss: 0.0249 at epoch 8
2024-11-27 18:43:42,348 - INFO - Initializing Trainer...
2024-11-27 18:43:45,875 - INFO - Created data loaders - Train: 24999 images, Val: 7121 images
2024-11-27 18:43:47,006 - INFO - Model created successfully
2024-11-27 18:43:47,007 - INFO - Optimizer and scheduler created successfully
2024-11-27 18:43:47,007 - INFO - Trainer initialized successfully
2024-11-27 18:43:47,007 - INFO - Starting training...
2024-11-27 18:43:47,044 - INFO - Resumed training from epoch 10
2024-11-27 18:48:09,951 - INFO - Epoch 11 - Loss: 0.0227, PSNR: 2.37, SSIM: 0.0663, Avg batch time: 0.751s
2024-11-27 18:48:09,951 - INFO - Training interrupted by user
2024-11-27 18:48:09,977 - INFO - Saved checkpoint to checkpoints\interrupted.pth
2024-11-27 18:48:09,978 - INFO - Training completed in 0.07 hours
Best validation loss: 0.0249 at epoch 8
2024-11-27 18:48:33,195 - INFO - Initializing Trainer...
2024-11-27 18:48:36,404 - INFO - Created data loaders - Train: 24999 images, Val: 7121 images
2024-11-27 18:48:37,618 - INFO - Model created successfully
2024-11-27 18:48:37,618 - INFO - Optimizer and scheduler created successfully
2024-11-27 18:48:37,618 - INFO - Trainer initialized successfully
2024-11-27 18:48:37,618 - INFO - Starting training...
2024-11-27 19:30:57,066 - INFO - Epoch 1 - Loss: 0.1610, PSNR: 18.61, SSIM: 0.3670, Avg batch time: 0.805s
2024-11-27 19:30:57,066 - INFO - Epoch 1 completed in 2539.45s
2024-11-27 20:09:34,990 - INFO - Epoch 2 - Loss: 0.0898, PSNR: 22.14, SSIM: 0.5904, Avg batch time: 0.736s
2024-11-27 20:09:41,522 - ERROR - Error in validation: 'Trainer' object has no attribute 'ssim_module'
2024-11-27 20:09:41,523 - INFO - Validation - Loss: 0.0000, PSNR: 0.00dB, SSIM: 0.0000
2024-11-27 20:09:41,523 - ERROR - Training error: 'Trainer' object has no attribute 'ssim_module'
2024-11-27 20:09:41,523 - INFO - Training completed in 1.35 hours
Best validation loss: inf at epoch 0
2024-11-27 20:24:00,924 - INFO - Initializing Trainer...
2024-11-27 20:24:07,036 - INFO - Created data loaders - Train: 24999 images, Val: 7121 images
2024-11-27 20:24:09,790 - INFO - Model created successfully
2024-11-27 20:24:09,791 - INFO - Optimizer and scheduler created successfully
2024-11-27 20:24:09,791 - INFO - Trainer initialized successfully
2024-11-27 20:24:09,791 - INFO - Starting training...
2024-11-27 20:24:09,845 - INFO - Resumed training from epoch 11
2024-11-27 21:00:02,028 - INFO - Epoch 12 - Loss: 0.3595, PSNR: 11.85, SSIM: 0.2306, Avg batch time: 0.681s
2024-11-27 21:00:08,718 - ERROR - Error in validation: 'dict' object has no attribute 'item'
2024-11-27 21:00:08,718 - INFO - Validation - Loss: 0.0000, PSNR: 0.00dB, SSIM: 0.0000
2024-11-27 21:00:08,718 - ERROR - Training error: 'dict' object has no attribute 'item'
2024-11-27 21:00:08,719 - INFO - Training completed in 0.60 hours
Best validation loss: 0.0249 at epoch 8
2024-11-27 22:12:28,442 - INFO - Initializing Trainer...
2024-11-27 22:12:34,270 - INFO - Created data loaders - Train: 24999 images, Val: 7121 images
2024-11-27 22:12:36,853 - INFO - Model created successfully
2024-11-27 22:12:36,853 - INFO - Optimizer and scheduler created successfully
2024-11-27 22:12:36,854 - INFO - Trainer initialized successfully
2024-11-27 22:12:36,854 - INFO - Starting training...
2024-11-27 22:12:36,920 - INFO - Resumed training from epoch 11
2024-11-28 00:12:09,158 - INFO - Epoch 12 - Loss: 0.4658, PSNR: 9.98, SSIM: 0.2693, Avg batch time: 2.288s
2024-11-28 00:16:02,915 - INFO - Validation - Loss: 0.4975, PSNR: 6.77dB, SSIM: 0.1228
2024-11-28 00:16:02,915 - INFO - Epoch 12 completed in 7406.00s
2024-11-28 00:53:00,943 - INFO - Epoch 13 - Loss: 0.6157, PSNR: 4.90, SSIM: 0.1074, Avg batch time: 0.704s
2024-11-28 00:53:00,943 - INFO - Epoch 13 completed in 2218.03s
2024-11-28 01:44:20,952 - INFO - Epoch 14 - Loss: 0.6460, PSNR: 4.67, SSIM: 0.0973, Avg batch time: 0.979s
2024-11-28 01:52:13,851 - INFO - Validation - Loss: 0.5952, PSNR: 5.65dB, SSIM: 0.0715
2024-11-28 01:52:13,851 - INFO - Epoch 14 completed in 3552.91s
2024-11-28 03:08:03,680 - INFO - Epoch 15 - Loss: 0.6631, PSNR: 4.56, SSIM: 0.0522, Avg batch time: 1.447s
2024-11-28 03:08:03,681 - INFO - Epoch 15 completed in 4549.83s
2024-11-28 03:08:03,775 - INFO - Saved checkpoint to checkpoints\checkpoint_epoch_15.pth
2024-11-28 04:24:02,703 - INFO - Epoch 16 - Loss: 0.6332, PSNR: 4.83, SSIM: 0.0982, Avg batch time: 1.450s
2024-11-28 04:32:02,753 - INFO - Validation - Loss: 0.5988, PSNR: 5.63dB, SSIM: 0.0594
2024-11-28 04:32:02,754 - INFO - Epoch 16 completed in 5038.98s
2024-11-28 05:47:59,759 - INFO - Epoch 17 - Loss: 0.6635, PSNR: 4.57, SSIM: 0.0497, Avg batch time: 1.449s
2024-11-28 05:47:59,760 - INFO - Epoch 17 completed in 4557.01s
2024-11-28 07:04:02,768 - INFO - Epoch 18 - Loss: 0.6655, PSNR: 4.55, SSIM: 0.0444, Avg batch time: 1.452s
2024-11-28 07:12:03,062 - INFO - Validation - Loss: 0.6042, PSNR: 5.57dB, SSIM: 0.0458
2024-11-28 07:12:03,063 - INFO - Epoch 18 completed in 5043.30s
2024-11-28 08:28:16,663 - INFO - Epoch 19 - Loss: 0.6663, PSNR: 4.54, SSIM: 0.0431, Avg batch time: 1.455s
2024-11-28 08:28:16,664 - INFO - Epoch 19 completed in 4573.60s
2024-11-28 09:44:40,075 - INFO - Epoch 20 - Loss: -inf, PSNR: 4.68, SSIM: inf, Avg batch time: 1.458s
2024-11-28 09:52:40,922 - INFO - Validation - Loss: 0.2986, PSNR: 10.65dB, SSIM: 0.4396
2024-11-28 09:52:40,922 - INFO - Epoch 20 completed in 5064.26s
2024-11-28 09:52:41,211 - INFO - Saved checkpoint to checkpoints\checkpoint_epoch_20.pth
2024-11-28 11:08:20,282 - INFO - Epoch 21 - Loss: -inf, PSNR: 4.60, SSIM: inf, Avg batch time: 1.444s
2024-11-28 11:08:20,285 - INFO - Epoch 21 completed in 4539.07s
2024-11-28 12:06:38,282 - INFO - Epoch 22 - Loss: 0.6664, PSNR: 4.54, SSIM: 0.0423, Avg batch time: 1.105s
2024-11-28 12:15:45,560 - INFO - Validation - Loss: 0.6051, PSNR: 5.56dB, SSIM: 0.0444
2024-11-28 12:15:45,561 - INFO - Epoch 22 completed in 4045.28s
2024-11-28 12:46:50,362 - INFO - Epoch 23 - Loss: 0.3833, PSNR: 2.60, SSIM: 0.0241, Avg batch time: 1.024s
2024-11-28 12:46:50,362 - INFO - Training interrupted by user
2024-11-28 20:47:52,307 - INFO - Initializing Trainer...
2024-11-28 20:48:05,855 - INFO - Created data loaders - Train: 24999 images, Val: 7121 images
2024-11-28 20:48:08,435 - INFO - Model created successfully
2024-11-28 20:48:08,436 - INFO - Optimizer and scheduler created successfully
2024-11-28 20:48:08,436 - INFO - Trainer initialized successfully
2024-11-28 20:48:08,436 - INFO - Starting training...
2024-11-28 20:48:08,507 - INFO - Resumed training from epoch 10
2024-12-08 14:41:36,975 - INFO - Initializing Trainer...
2024-12-08 14:41:59,219 - INFO - Created data loaders - Train: 24999 images, Val: 7121 images
2024-12-08 14:42:03,344 - INFO - Model created successfully
2024-12-08 14:42:03,361 - INFO - Optimizer and scheduler created successfully
2024-12-08 14:42:03,363 - INFO - Trainer initialized successfully
2024-12-08 14:42:03,363 - INFO - Starting training...
2024-12-08 14:42:03,593 - INFO - Resumed training from epoch 10
2024-12-10 21:19:33,938 - INFO - Initializing Trainer...
2024-12-10 21:19:38,432 - INFO - Created data loaders - Train: 24999 images, Val: 7121 images
2024-12-10 21:19:40,348 - INFO - Model created successfully
2024-12-10 21:19:40,348 - INFO - Optimizer and scheduler created successfully
2024-12-10 21:19:40,349 - INFO - Trainer initialized successfully
2024-12-10 21:19:40,349 - INFO - Starting training...
2024-12-10 21:19:40,349 - ERROR - Error loading checkpoint: [Errno 2] No such file or directory: 'E:\\My struggle\\PY SRRESNET\\checkpoints\\interrupted.pth'
